<?xml version="1.0" ?>
<coverage version="7.16.0" timestamp="1788386641962" lines-valid="3603" lines-covered="1169" line-rate="0.3245" branches-valid="1106" branches-covered="128" branch-rate="0.1157" complexity="0">
	<!-- Generated by coverage.py: https://coverage.readthedocs.io/en/7.16.0 -->
	<!-- Based on https://raw.githubusercontent.com/cobertura/web/master/htdocs/xml/coverage-04.dtd -->
	<sources>
		<source>/workspace/recoll-webui-docker</source>
	</sources>
	<packages>
		<package name="." line-rate="0.8571" branch-rate="0.5" complexity="0">
			<classes>
				<class name="recollindex.py" filename="recollindex.py" complexity="0" line-rate="0.8571" branch-rate="0.5">
					<methods/>
					<lines>
						<line number="9" hits="1"/>
						<line number="10" hits="1"/>
						<line number="13" hits="1"/>
						<line number="14" hits="1" branch="true" condition-coverage="50% (1/2)" missing-branches="15"/>
						<line number="15" hits="0"/>
						<line number="17" hits="1"/>
						<line number="18" hits="1"/>
					</lines>
				</class>
			</classes>
		</package>
		<package name="recoll-webui" line-rate="0.3261" branch-rate="0.08051" complexity="0">
			<classes>
				<class name="bottle.py" filename="recoll-webui/bottle.py" complexity="0" line-rate="0.3319" branch-rate="0.082">
					<methods/>
					<lines>
						<line number="15" hits="1"/>
						<line number="17" hits="1"/>
						<line number="18" hits="1"/>
						<line number="19" hits="1"/>
						<line number="63" hits="1" branch="true" condition-coverage="50% (1/2)" missing-branches="64"/>
						<line number="64" hits="0"/>
						<line number="70" hits="1"/>
						<line number="71" hits="1"/>
						<line number="72" hits="1"/>
						<line number="73" hits="1"/>
						<line number="74" hits="1"/>
						<line number="75" hits="1"/>
						<line number="76" hits="1"/>
						<line number="77" hits="1"/>
						<line number="78" hits="1"/>
						<line number="79" hits="1"/>
						<line number="80" hits="1"/>
						<line number="81" hits="1"/>
						<line number="82" hits="1"/>
						<line number="83" hits="1"/>
						<line number="84" hits="1"/>
						<line number="85" hits="1"/>
						<line number="86" hits="1"/>
						<line number="87" hits="1"/>
						<line number="88" hits="1"/>
						<line number="89" hits="1"/>
						<line number="90" hits="1"/>
						<line number="92" hits="1"/>
						<line number="93" hits="1"/>
						<line number="94" hits="0"/>
						<line number="95" hits="1"/>
						<line number="96" hits="1"/>
						<line number="97" hits="1"/>
						<line number="99" hits="1"/>
						<line number="100" hits="1"/>
						<line number="103" hits="1" branch="true" condition-coverage="50% (1/2)" missing-branches="135"/>
						<line number="104" hits="1"/>
						<line number="105" hits="1"/>
						<line number="106" hits="1"/>
						<line number="107" hits="1"/>
						<line number="108" hits="1"/>
						<line number="109" hits="1"/>
						<line number="110" hits="1"/>
						<line number="111" hits="1"/>
						<line number="112" hits="1"/>
						<line number="113" hits="1"/>
						<line number="114" hits="1"/>
						<line number="115" hits="1"/>
						<line number="116" hits="1"/>
						<line number="117" hits="1"/>
						<line number="120" hits="1"/>
						<line number="121" hits="1"/>
						<line number="122" hits="0"/>
						<line number="123" hits="0"/>
						<line number="124" hits="0"/>
						<line number="126" hits="1"/>
						<line number="127" hits="1"/>
						<line number="128" hits="1"/>
						<line number="129" hits="1"/>
						<line number="130" hits="1"/>
						<line number="132" hits="1"/>
						<line number="133" hits="0"/>
						<line number="135" hits="0"/>
						<line number="136" hits="0"/>
						<line number="137" hits="0"/>
						<line number="138" hits="0"/>
						<line number="139" hits="0"/>
						<line number="140" hits="0"/>
						<line number="141" hits="0"/>
						<line number="142" hits="0"/>
						<line number="144" hits="0"/>
						<line number="145" hits="0"/>
						<line number="146" hits="0"/>
						<line number="147" hits="0"/>
						<line number="148" hits="0"/>
						<line number="149" hits="0"/>
						<line number="150" hits="0"/>
						<line number="151" hits="0"/>
						<line number="152" hits="0"/>
						<line number="154" hits="0"/>
						<line number="155" hits="0" branch="true" condition-coverage="0% (0/2)" missing-branches="exit,156"/>
						<line number="156" hits="0" branch="true" condition-coverage="0% (0/2)" missing-branches="exit,157"/>
						<line number="157" hits="0" branch="true" condition-coverage="0% (0/2)" missing-branches="exit,exit"/>
						<line number="158" hits="0"/>
						<line number="160" hits="0"/>
						<line number="161" hits="0"/>
						<line number="163" hits="0"/>
						<line number="166" hits="1"/>
						<line number="167" hits="0" branch="true" condition-coverage="0% (0/2)" missing-branches="168,169"/>
						<line number="168" hits="0"/>
						<line number="169" hits="0"/>
						<line number="172" hits="1"/>
						<line number="173" hits="0" branch="true" condition-coverage="0% (0/2)" missing-branches="174,175"/>
						<line number="174" hits="0"/>
						<line number="175" hits="0"/>
						<line number="178" hits="1"/>
						<line number="181" hits="1"/>
						<line number="182" hits="0"/>
						<line number="183" hits="0"/>
						<line number="184" hits="0"/>
						<line number="185" hits="0"/>
						<line number="189" hits="1"/>
						<line number="190" hits="1"/>
						<line number="191" hits="1"/>
						<line number="192" hits="0"/>
						<line number="193" hits="0"/>
						<line number="199" hits="1"/>
						<line number="200" hits="1"/>
						<line number="203" hits="1" branch="true" condition-coverage="50% (1/2)" missing-branches="204"/>
						<line number="204" hits="0"/>
						<line number="205" hits="1"/>
						<line number="206" hits="1"/>
						<line number="209" hits="1"/>
						<line number="210" hits="1" branch="true" condition-coverage="50% (1/2)" missing-branches="211"/>
						<line number="211" hits="0"/>
						<line number="212" hits="1" branch="true" condition-coverage="100% (2/2)"/>
						<line number="213" hits="1"/>
						<line number="215" hits="1"/>
						<line number="218" hits="1"/>
						<line number="221" hits="1"/>
						<line number="222" hits="1"/>
						<line number="224" hits="1"/>
						<line number="225" hits="1"/>
						<line number="226" hits="1"/>
						<line number="227" hits="1"/>
						<line number="229" hits="1"/>
						<line number="230" hits="0" branch="true" condition-coverage="0% (0/2)" missing-branches="exit,231"/>
						<line number="231" hits="0"/>
						<line number="232" hits="0"/>
						<line number="233" hits="0"/>
						<line number="235" hits="1"/>
						<line number="236" hits="0" branch="true" condition-coverage="0% (0/2)" missing-branches="exit,237"/>
						<line number="237" hits="0"/>
						<line number="239" hits="1"/>
						<line number="240" hits="0" branch="true" condition-coverage="0% (0/2)" missing-branches="exit,241"/>
						<line number="241" hits="0"/>
						<line number="244" hits="1"/>
						<line number="249" hits="1"/>
						<line number="250" hits="1"/>
						<line number="251" hits="1"/>
						<line number="253" hits="1"/>
						<line number="254" hits="1" branch="true" condition-coverage="50% (1/2)" missing-branches="exit"/>
						<line number="255" hits="1"/>
						<line number="256" hits="1"/>
						<line number="259" hits="1"/>
						<line number="262" hits="1"/>
						<line number="263" hits="1"/>
						<line number="264" hits="1"/>
						<line number="266" hits="1"/>
						<line number="267" hits="1"/>
						<line number="268" hits="1"/>
						<line number="269" hits="1"/>
						<line number="277" hits="1"/>
						<line number="285" hits="1"/>
						<line number="289" hits="1"/>
						<line number="294" hits="1"/>
						<line number="296" hits="1"/>
						<line number="299" hits="1"/>
						<line number="303" hits="1"/>
						<line number="307" hits="1"/>
						<line number="310" hits="1" branch="true" condition-coverage="100% (2/2)"/>
						<line number="311" hits="1"/>
						<line number="312" hits="1"/>
						<line number="316" hits="1"/>
						<line number="328" hits="1"/>
						<line number="329" hits="1"/>
						<line number="333" hits="1"/>
						<line number="335" hits="1"/>
						<line number="336" hits="1"/>
						<line number="337" hits="1"/>
						<line number="338" hits="1"/>
						<line number="339" hits="1"/>
						<line number="340" hits="1"/>
						<line number="341" hits="1"/>
						<line number="343" hits="1"/>
						<line number="344" hits="1"/>
						<line number="352" hits="1"/>
						<line number="356" hits="0"/>
						<line number="358" hits="1"/>
						<line number="363" hits="1"/>
						<line number="364" hits="1"/>
						<line number="365" hits="1" branch="true" condition-coverage="100% (2/2)"/>
						<line number="366" hits="1"/>
						<line number="367" hits="1"/>
						<line number="368" hits="1" branch="true" condition-coverage="100% (2/2)"/>
						<line number="369" hits="1"/>
						<line number="372" hits="1" branch="true" condition-coverage="50% (1/2)" missing-branches="373"/>
						<line number="373" hits="0"/>
						<line number="374" hits="0"/>
						<line number="375" hits="0"/>
						<line number="376" hits="1" branch="true" condition-coverage="50% (1/2)" missing-branches="378"/>
						<line number="377" hits="1"/>
						<line number="378" hits="1"/>
						<line number="379" hits="1"/>
						<line number="380" hits="1"/>
						<line number="381" hits="1" branch="true" condition-coverage="50% (1/2)" missing-branches="exit"/>
						<line number="382" hits="1"/>
						<line number="384" hits="1"/>
						<line number="386" hits="1"/>
						<line number="387" hits="1"/>
						<line number="388" hits="1"/>
						<line number="389" hits="1"/>
						<line number="390" hits="1"/>
						<line number="391" hits="1"/>
						<line number="393" hits="1" branch="true" condition-coverage="100% (2/2)"/>
						<line number="394" hits="1" branch="true" condition-coverage="100% (2/2)"/>
						<line number="395" hits="1"/>
						<line number="396" hits="1"/>
						<line number="397" hits="1"/>
						<line number="398" hits="1" branch="true" condition-coverage="50% (1/2)" missing-branches="399"/>
						<line number="399" hits="0"/>
						<line number="400" hits="0"/>
						<line number="401" hits="0"/>
						<line number="403" hits="1"/>
						<line number="404" hits="1"/>
						<line number="405" hits="1"/>
						<line number="406" hits="1"/>
						<line number="407" hits="1" branch="true" condition-coverage="100% (2/2)"/>
						<line number="408" hits="1"/>
						<line number="409" hits="1"/>
						<line number="411" hits="1"/>
						<line number="412" hits="1"/>
						<line number="414" hits="1" branch="true" condition-coverage="100% (2/2)"/>
						<line number="415" hits="1"/>
						<line number="416" hits="1"/>
						<line number="417" hits="1"/>
						<line number="419" hits="1"/>
						<line number="420" hits="1"/>
						<line number="421" hits="1"/>
						<line number="422" hits="0"/>
						<line number="423" hits="0"/>
						<line number="425" hits="1" branch="true" condition-coverage="100% (2/2)"/>
						<line number="427" hits="1"/>
						<line number="428" hits="0"/>
						<line number="429" hits="0" branch="true" condition-coverage="0% (0/2)" missing-branches="430,434"/>
						<line number="430" hits="0"/>
						<line number="431" hits="0"/>
						<line number="432" hits="0"/>
						<line number="433" hits="0"/>
						<line number="434" hits="0"/>
						<line number="435" hits="1" branch="true" condition-coverage="50% (1/2)" missing-branches="440"/>
						<line number="437" hits="1"/>
						<line number="438" hits="0"/>
						<line number="440" hits="0"/>
						<line number="442" hits="1"/>
						<line number="443" hits="1"/>
						<line number="445" hits="1" branch="true" condition-coverage="50% (1/2)" missing-branches="446"/>
						<line number="446" hits="0" branch="true" condition-coverage="0% (0/2)" missing-branches="447,449"/>
						<line number="447" hits="0"/>
						<line number="448" hits="0"/>
						<line number="449" hits="0"/>
						<line number="452" hits="1"/>
						<line number="453" hits="1"/>
						<line number="455" hits="1"/>
						<line number="457" hits="1"/>
						<line number="458" hits="1"/>
						<line number="459" hits="1"/>
						<line number="460" hits="1"/>
						<line number="461" hits="1" branch="true" condition-coverage="100% (2/2)"/>
						<line number="462" hits="1"/>
						<line number="463" hits="1"/>
						<line number="464" hits="1"/>
						<line number="465" hits="1"/>
						<line number="466" hits="1"/>
						<line number="467" hits="1"/>
						<line number="469" hits="1"/>
						<line number="471" hits="1"/>
						<line number="472" hits="1" branch="true" condition-coverage="50% (1/2)" missing-branches="473"/>
						<line number="473" hits="0"/>
						<line number="474" hits="1"/>
						<line number="475" hits="1" branch="true" condition-coverage="50% (1/2)" missing-branches="476"/>
						<line number="476" hits="0"/>
						<line number="477" hits="1"/>
						<line number="478" hits="1"/>
						<line number="479" hits="0"/>
						<line number="480" hits="0"/>
						<line number="482" hits="1"/>
						<line number="484" hits="0"/>
						<line number="485" hits="0"/>
						<line number="487" hits="0"/>
						<line number="489" hits="0" branch="true" condition-coverage="0% (0/2)" missing-branches="490,501"/>
						<line number="490" hits="0" branch="true" condition-coverage="0% (0/2)" missing-branches="491,493"/>
						<line number="491" hits="0"/>
						<line number="492" hits="0"/>
						<line number="493" hits="0" branch="true" condition-coverage="0% (0/2)" missing-branches="489,494"/>
						<line number="494" hits="0" branch="true" condition-coverage="0% (0/2)" missing-branches="489,495"/>
						<line number="495" hits="0"/>
						<line number="496" hits="0" branch="true" condition-coverage="0% (0/2)" missing-branches="494,497"/>
						<line number="497" hits="0"/>
						<line number="498" hits="0"/>
						<line number="501" hits="0"/>
						<line number="502" hits="0"/>
						<line number="503" hits="0" branch="true" condition-coverage="0% (0/2)" missing-branches="504,506"/>
						<line number="504" hits="0" branch="true" condition-coverage="0% (0/2)" missing-branches="503,505"/>
						<line number="505" hits="0"/>
						<line number="506" hits="0" branch="true" condition-coverage="0% (0/2)" missing-branches="507,511"/>
						<line number="507" hits="0" branch="true" condition-coverage="0% (0/2)" missing-branches="506,508"/>
						<line number="508" hits="0"/>
						<line number="509" hits="0" branch="true" condition-coverage="0% (0/2)" missing-branches="507,510"/>
						<line number="510" hits="0"/>
						<line number="511" hits="0" branch="true" condition-coverage="0% (0/2)" missing-branches="512,516"/>
						<line number="512" hits="0"/>
						<line number="513" hits="0"/>
						<line number="516" hits="0"/>
						<line number="519" hits="1"/>
						<line number="525" hits="1"/>
						<line number="530" hits="1"/>
						<line number="532" hits="1"/>
						<line number="534" hits="1"/>
						<line number="536" hits="1"/>
						<line number="538" hits="1"/>
						<line number="540" hits="1"/>
						<line number="542" hits="1"/>
						<line number="546" hits="1"/>
						<line number="547" hits="1"/>
						<line number="549" hits="1"/>
						<line number="550" hits="1"/>
						<line number="553" hits="0"/>
						<line number="555" hits="1"/>
						<line number="558" hits="0"/>
						<line number="560" hits="1"/>
						<line number="562" hits="0"/>
						<line number="564" hits="1"/>
						<line number="566" hits="0"/>
						<line number="567" hits="0" branch="true" condition-coverage="0% (0/2)" missing-branches="exit,568"/>
						<line number="568" hits="0" branch="true" condition-coverage="0% (0/2)" missing-branches="exit,569"/>
						<line number="569" hits="0"/>
						<line number="570" hits="0" branch="true" condition-coverage="0% (0/2)" missing-branches="567,571"/>
						<line number="571" hits="0" branch="true" condition-coverage="0% (0/2)" missing-branches="567,572"/>
						<line number="572" hits="0"/>
						<line number="573" hits="0"/>
						<line number="575" hits="1"/>
						<line number="576" hits="0"/>
						<line number="577" hits="0" branch="true" condition-coverage="0% (0/2)" missing-branches="578,587"/>
						<line number="578" hits="0"/>
						<line number="579" hits="0" branch="true" condition-coverage="0% (0/2)" missing-branches="580,582"/>
						<line number="580" hits="0"/>
						<line number="582" hits="0"/>
						<line number="583" hits="0"/>
						<line number="584" hits="0"/>
						<line number="585" hits="0" branch="true" condition-coverage="0% (0/2)" missing-branches="577,586"/>
						<line number="586" hits="0"/>
						<line number="587" hits="0"/>
						<line number="589" hits="1"/>
						<line number="592" hits="0"/>
						<line number="593" hits="0"/>
						<line number="594" hits="0" branch="true" condition-coverage="0% (0/2)" missing-branches="595,596"/>
						<line number="595" hits="0"/>
						<line number="596" hits="0" branch="true" condition-coverage="0% (0/2)" missing-branches="597,598"/>
						<line number="597" hits="0"/>
						<line number="598" hits="0" branch="true" condition-coverage="0% (0/2)" missing-branches="599,603"/>
						<line number="599" hits="0"/>
						<line number="600" hits="0"/>
						<line number="601" hits="0"/>
						<line number="603" hits="0"/>
						<line number="604" hits="0"/>
						<line number="606" hits="1"/>
						<line number="610" hits="0"/>
						<line number="612" hits="1"/>
						<line number="615" hits="0"/>
						<line number="618" hits="0"/>
						<line number="620" hits="1"/>
						<line number="621" hits="0"/>
						<line number="622" hits="0"/>
						<line number="631" hits="1"/>
						<line number="640" hits="1"/>
						<line number="641" hits="1"/>
						<line number="642" hits="1"/>
						<line number="643" hits="1"/>
						<line number="644" hits="1"/>
						<line number="646" hits="1"/>
						<line number="648" hits="1"/>
						<line number="649" hits="1"/>
						<line number="652" hits="1"/>
						<line number="656" hits="1" branch="true" condition-coverage="50% (1/2)" missing-branches="657"/>
						<line number="657" hits="0"/>
						<line number="660" hits="0"/>
						<line number="661" hits="1" branch="true" condition-coverage="50% (1/2)" missing-branches="662"/>
						<line number="662" hits="0"/>
						<line number="665" hits="0"/>
						<line number="667" hits="1"/>
						<line number="670" hits="1"/>
						<line number="672" hits="1"/>
						<line number="673" hits="1"/>
						<line number="674" hits="1"/>
						<line number="677" hits="1"/>
						<line number="678" hits="1"/>
						<line number="679" hits="1"/>
						<line number="682" hits="1"/>
						<line number="684" hits="1"/>
						<line number="685" hits="1"/>
						<line number="687" hits="1"/>
						<line number="688" hits="1"/>
						<line number="689" hits="1"/>
						<line number="691" hits="1"/>
						<line number="702" hits="0" branch="true" condition-coverage="0% (0/2)" missing-branches="703,705"/>
						<line number="703" hits="0"/>
						<line number="705" hits="0"/>
						<line number="707" hits="1"/>
						<line number="709" hits="0" branch="true" condition-coverage="0% (0/2)" missing-branches="exit,710"/>
						<line number="710" hits="0"/>
						<line number="711" hits="0"/>
						<line number="713" hits="1"/>
						<line number="715" hits="1"/>
						<line number="717" hits="1"/>
						<line number="721" hits="0"/>
						<line number="722" hits="0"/>
						<line number="723" hits="0"/>
						<line number="725" hits="0"/>
						<line number="727" hits="1"/>
						<line number="728" hits="0"/>
						<line number="729" hits="0" branch="true" condition-coverage="0% (0/2)" missing-branches="730,731"/>
						<line number="730" hits="0"/>
						<line number="731" hits="0"/>
						<line number="733" hits="0"/>
						<line number="734" hits="0"/>
						<line number="735" hits="0"/>
						<line number="736" hits="0"/>
						<line number="738" hits="0"/>
						<line number="739" hits="0" branch="true" condition-coverage="0% (0/2)" missing-branches="740,741"/>
						<line number="740" hits="0"/>
						<line number="741" hits="0" branch="true" condition-coverage="0% (0/2)" missing-branches="745,748"/>
						<line number="745" hits="0"/>
						<line number="746" hits="0"/>
						<line number="748" hits="0"/>
						<line number="749" hits="0" branch="true" condition-coverage="0% (0/2)" missing-branches="750,751"/>
						<line number="750" hits="0"/>
						<line number="751" hits="0"/>
						<line number="753" hits="0"/>
						<line number="754" hits="0"/>
						<line number="755" hits="0"/>
						<line number="757" hits="0"/>
						<line number="759" hits="0"/>
						<line number="760" hits="0"/>
						<line number="761" hits="0"/>
						<line number="762" hits="0"/>
						<line number="764" hits="0"/>
						<line number="765" hits="0" branch="true" condition-coverage="0% (0/2)" missing-branches="exit,766"/>
						<line number="766" hits="0"/>
						<line number="768" hits="1"/>
						<line number="769" hits="0" branch="true" condition-coverage="0% (0/2)" missing-branches="770,774"/>
						<line number="770" hits="0"/>
						<line number="772" hits="0"/>
						<line number="774" hits="0" branch="true" condition-coverage="0% (0/2)" missing-branches="775,779"/>
						<line number="775" hits="0"/>
						<line number="777" hits="0"/>
						<line number="779" hits="0" branch="true" condition-coverage="0% (0/2)" missing-branches="780,784"/>
						<line number="780" hits="0"/>
						<line number="782" hits="0"/>
						<line number="784" hits="0"/>
						<line number="785" hits="0"/>
						<line number="786" hits="0"/>
						<line number="787" hits="0" branch="true" condition-coverage="0% (0/2)" missing-branches="exit,788"/>
						<line number="788" hits="0"/>
						<line number="789" hits="0"/>
						<line number="791" hits="1"/>
						<line number="813" hits="0" branch="true" condition-coverage="0% (0/2)" missing-branches="814,816"/>
						<line number="814" hits="0"/>
						<line number="816" hits="0" branch="true" condition-coverage="0% (0/2)" missing-branches="817,819"/>
						<line number="817" hits="0"/>
						<line number="819" hits="0"/>
						<line number="821" hits="1"/>
						<line number="826" hits="0" branch="true" condition-coverage="0% (0/2)" missing-branches="827,828"/>
						<line number="827" hits="0"/>
						<line number="828" hits="0" branch="true" condition-coverage="0% (0/2)" missing-branches="exit,829"/>
						<line number="829" hits="0"/>
						<line number="831" hits="1"/>
						<line number="836" hits="1"/>
						<line number="837" hits="1" branch="true" condition-coverage="50% (1/2)" missing-branches="838"/>
						<line number="838" hits="0"/>
						<line number="839" hits="1"/>
						<line number="840" hits="1"/>
						<line number="841" hits="1"/>
						<line number="843" hits="1"/>
						<line number="848" hits="0"/>
						<line number="849" hits="0" branch="true" condition-coverage="0% (0/2)" missing-branches="850,855"/>
						<line number="850" hits="0" branch="true" condition-coverage="0% (0/2)" missing-branches="849,852"/>
						<line number="852" hits="0"/>
						<line number="853" hits="0"/>
						<line number="854" hits="0"/>
						<line number="855" hits="0"/>
						<line number="856" hits="0"/>
						<line number="858" hits="1"/>
						<line number="862" hits="1" branch="true" condition-coverage="50% (1/2)" missing-branches="863"/>
						<line number="863" hits="0" branch="true" condition-coverage="0% (0/2)" missing-branches="864,865"/>
						<line number="864" hits="0"/>
						<line number="865" hits="1" branch="true" condition-coverage="50% (1/2)" missing-branches="866"/>
						<line number="866" hits="0"/>
						<line number="867" hits="1" branch="true" condition-coverage="50% (1/2)" missing-branches="868"/>
						<line number="868" hits="0" branch="true" condition-coverage="0% (0/2)" missing-branches="869,870"/>
						<line number="869" hits="0"/>
						<line number="870" hits="1"/>
						<line number="872" hits="1"/>
						<line number="874" hits="0" branch="true" condition-coverage="0% (0/2)" missing-branches="exit,875"/>
						<line number="875" hits="0"/>
						<line number="877" hits="1"/>
						<line number="879" hits="0"/>
						<line number="881" hits="1"/>
						<line number="885" hits="0"/>
						<line number="887" hits="1"/>
						<line number="889" hits="0"/>
						<line number="890" hits="0"/>
						<line number="891" hits="0"/>
						<line number="893" hits="1"/>
						<line number="896" hits="1"/>
						<line number="897" hits="1"/>
						<line number="898" hits="1"/>
						<line number="900" hits="1"/>
						<line number="932" hits="1"/>
						<line number="933" hits="1"/>
						<line number="934" hits="1"/>
						<line number="936" hits="1"/>
						<line number="937" hits="1"/>
						<line number="938" hits="1" branch="true" condition-coverage="100% (2/2)"/>
						<line number="939" hits="1" branch="true" condition-coverage="100% (2/2)"/>
						<line number="940" hits="1"/>
						<line number="941" hits="1"/>
						<line number="945" hits="1"/>
						<line number="946" hits="1"/>
						<line number="948" hits="1"/>
						<line number="950" hits="1"/>
						<line number="952" hits="0"/>
						<line number="954" hits="1"/>
						<line number="956" hits="0"/>
						<line number="958" hits="1"/>
						<line number="960" hits="0"/>
						<line number="962" hits="1"/>
						<line number="964" hits="0"/>
						<line number="966" hits="1"/>
						<line number="968" hits="0"/>
						<line number="970" hits="1"/>
						<line number="985" hits="0"/>
						<line number="986" hits="0"/>
						<line number="987" hits="0"/>
						<line number="988" hits="0"/>
						<line number="990" hits="0"/>
						<line number="992" hits="1"/>
						<line number="993" hits="0"/>
						<line number="995" hits="1"/>
						<line number="996" hits="0"/>
						<line number="997" hits="0" branch="true" condition-coverage="0% (0/2)" missing-branches="998,1000"/>
						<line number="998" hits="0"/>
						<line number="1000" hits="0"/>
						<line number="1001" hits="0"/>
						<line number="1002" hits="0"/>
						<line number="1004" hits="0"/>
						<line number="1005" hits="0"/>
						<line number="1006" hits="0"/>
						<line number="1007" hits="0"/>
						<line number="1008" hits="0"/>
						<line number="1009" hits="0"/>
						<line number="1010" hits="0"/>
						<line number="1011" hits="0"/>
						<line number="1012" hits="0"/>
						<line number="1013" hits="0"/>
						<line number="1014" hits="0"/>
						<line number="1015" hits="0"/>
						<line number="1016" hits="0"/>
						<line number="1017" hits="0"/>
						<line number="1018" hits="0"/>
						<line number="1019" hits="0"/>
						<line number="1022" hits="0"/>
						<line number="1023" hits="0"/>
						<line number="1025" hits="0" branch="true" condition-coverage="0% (0/2)" missing-branches="1026,1027"/>
						<line number="1026" hits="0"/>
						<line number="1027" hits="0"/>
						<line number="1028" hits="0"/>
						<line number="1029" hits="0"/>
						<line number="1030" hits="0"/>
						<line number="1031" hits="0"/>
						<line number="1032" hits="0"/>
						<line number="1033" hits="0"/>
						<line number="1034" hits="0"/>
						<line number="1035" hits="0" branch="true" condition-coverage="0% (0/2)" missing-branches="exit,1036"/>
						<line number="1036" hits="0"/>
						<line number="1037" hits="0"/>
						<line number="1038" hits="0"/>
						<line number="1039" hits="0"/>
						<line number="1040" hits="0"/>
						<line number="1041" hits="0"/>
						<line number="1043" hits="0"/>
						<line number="1045" hits="1"/>
						<line number="1053" hits="0" branch="true" condition-coverage="0% (0/2)" missing-branches="1054,1058"/>
						<line number="1054" hits="0" branch="true" condition-coverage="0% (0/2)" missing-branches="1055,1056"/>
						<line number="1055" hits="0"/>
						<line number="1056" hits="0"/>
						<line number="1058" hits="0" branch="true" condition-coverage="0% (0/2)" missing-branches="1060,1062"/>
						<line number="1060" hits="0"/>
						<line number="1062" hits="0" branch="true" condition-coverage="0% (0/2)" missing-branches="1063,1065"/>
						<line number="1063" hits="0"/>
						<line number="1065" hits="0" branch="true" condition-coverage="0% (0/2)" missing-branches="1066,1071"/>
						<line number="1066" hits="0" branch="true" condition-coverage="0% (0/2)" missing-branches="1067,1068"/>
						<line number="1067" hits="0"/>
						<line number="1068" hits="0"/>
						<line number="1071" hits="0" branch="true" condition-coverage="0% (0/2)" missing-branches="1072,1076"/>
						<line number="1072" hits="0"/>
						<line number="1073" hits="0"/>
						<line number="1075" hits="0"/>
						<line number="1076" hits="0" branch="true" condition-coverage="0% (0/2)" missing-branches="1077,1081"/>
						<line number="1077" hits="0"/>
						<line number="1078" hits="0"/>
						<line number="1081" hits="0" branch="true" condition-coverage="0% (0/2)" missing-branches="1082,1088"/>
						<line number="1082" hits="0" branch="true" condition-coverage="0% (0/2)" missing-branches="1083,1084"/>
						<line number="1083" hits="0"/>
						<line number="1084" hits="0" branch="true" condition-coverage="0% (0/2)" missing-branches="1085,1088"/>
						<line number="1085" hits="0"/>
						<line number="1088" hits="0"/>
						<line number="1089" hits="0"/>
						<line number="1090" hits="0"/>
						<line number="1091" hits="0" branch="true" condition-coverage="0% (0/2)" missing-branches="1092,1104"/>
						<line number="1092" hits="0"/>
						<line number="1093" hits="0"/>
						<line number="1094" hits="0"/>
						<line number="1095" hits="0"/>
						<line number="1096" hits="0"/>
						<line number="1097" hits="0"/>
						<line number="1098" hits="0"/>
						<line number="1099" hits="0"/>
						<line number="1100" hits="0" branch="true" condition-coverage="0% (0/2)" missing-branches="exit,1101"/>
						<line number="1101" hits="0"/>
						<line number="1104" hits="0" branch="true" condition-coverage="0% (0/2)" missing-branches="1105,1106"/>
						<line number="1105" hits="0"/>
						<line number="1106" hits="0" branch="true" condition-coverage="0% (0/2)" missing-branches="1107,1108"/>
						<line number="1107" hits="0"/>
						<line number="1108" hits="0" branch="true" condition-coverage="0% (0/2)" missing-branches="1109,1112"/>
						<line number="1109" hits="0"/>
						<line number="1110" hits="0"/>
						<line number="1112" hits="0"/>
						<line number="1113" hits="0"/>
						<line number="1114" hits="0" branch="true" condition-coverage="0% (0/2)" missing-branches="1115,1116"/>
						<line number="1115" hits="0"/>
						<line number="1116" hits="0"/>
						<line number="1118" hits="1"/>
						<line number="1120" hits="0"/>
						<line number="1121" hits="0"/>
						<line number="1123" hits="0" branch="true" condition-coverage="0% (0/2)" missing-branches="1125,1127"/>
						<line number="1125" hits="0"/>
						<line number="1126" hits="0"/>
						<line number="1127" hits="0"/>
						<line number="1128" hits="0" branch="true" condition-coverage="0% (0/2)" missing-branches="1129,1130"/>
						<line number="1129" hits="0"/>
						<line number="1130" hits="0"/>
						<line number="1131" hits="0"/>
						<line number="1132" hits="0"/>
						<line number="1133" hits="0"/>
						<line number="1134" hits="0"/>
						<line number="1135" hits="0" branch="true" condition-coverage="0% (0/2)" missing-branches="exit,1136"/>
						<line number="1136" hits="0"/>
						<line number="1138" hits="0" branch="true" condition-coverage="0% (0/2)" missing-branches="1139,1142"/>
						<line number="1139" hits="0"/>
						<line number="1142" hits="0"/>
						<line number="1143" hits="0"/>
						<line number="1144" hits="0"/>
						<line number="1145" hits="0"/>
						<line number="1146" hits="0"/>
						<line number="1148" hits="1"/>
						<line number="1150" hits="0"/>
						<line number="1152" hits="1"/>
						<line number="1154" hits="0"/>
						<line number="1155" hits="0"/>
						<line number="1157" hits="1"/>
						<line number="1158" hits="0"/>
						<line number="1160" hits="1"/>
						<line number="1161" hits="1" branch="true" condition-coverage="50% (1/2)" missing-branches="1162"/>
						<line number="1162" hits="0"/>
						<line number="1163" hits="1"/>
						<line number="1170" hits="1"/>
						<line number="1179" hits="1"/>
						<line number="1182" hits="1"/>
						<line number="1184" hits="1"/>
						<line number="1188" hits="1"/>
						<line number="1189" hits="1"/>
						<line number="1191" hits="1"/>
						<line number="1192" hits="1"/>
						<line number="1194" hits="0"/>
						<line number="1196" hits="1"/>
						<line number="1197" hits="1"/>
						<line number="1199" hits="0"/>
						<line number="1201" hits="1"/>
						<line number="1202" hits="1"/>
						<line number="1204" hits="0"/>
						<line number="1206" hits="1"/>
						<line number="1207" hits="1"/>
						<line number="1210" hits="0"/>
						<line number="1212" hits="1"/>
						<line number="1213" hits="1"/>
						<line number="1215" hits="0"/>
						<line number="1217" hits="1"/>
						<line number="1218" hits="1"/>
						<line number="1221" hits="0"/>
						<line number="1223" hits="1"/>
						<line number="1225" hits="0"/>
						<line number="1227" hits="1"/>
						<line number="1228" hits="1"/>
						<line number="1231" hits="0"/>
						<line number="1232" hits="0"/>
						<line number="1234" hits="1"/>
						<line number="1239" hits="0"/>
						<line number="1240" hits="0" branch="true" condition-coverage="0% (0/2)" missing-branches="1242,1250"/>
						<line number="1242" hits="0" branch="true" condition-coverage="0% (0/2)" missing-branches="1243,1249"/>
						<line number="1243" hits="0"/>
						<line number="1244" hits="0"/>
						<line number="1245" hits="0" branch="true" condition-coverage="0% (0/2)" missing-branches="1246,1249"/>
						<line number="1246" hits="0"/>
						<line number="1247" hits="0" branch="true" condition-coverage="0% (0/2)" missing-branches="1248,1249"/>
						<line number="1248" hits="0"/>
						<line number="1249" hits="0"/>
						<line number="1250" hits="0"/>
						<line number="1252" hits="1"/>
						<line number="1253" hits="1"/>
						<line number="1258" hits="0"/>
						<line number="1259" hits="0"/>
						<line number="1260" hits="0" branch="true" condition-coverage="0% (0/2)" missing-branches="1261,1262"/>
						<line number="1261" hits="0"/>
						<line number="1262" hits="0"/>
						<line number="1264" hits="1"/>
						<line number="1265" hits="1"/>
						<line number="1270" hits="0"/>
						<line number="1271" hits="0"/>
						<line number="1272" hits="0" branch="true" condition-coverage="0% (0/2)" missing-branches="1273,1275"/>
						<line number="1273" hits="0" branch="true" condition-coverage="0% (0/2)" missing-branches="1272,1274"/>
						<line number="1274" hits="0"/>
						<line number="1275" hits="0"/>
						<line number="1277" hits="1"/>
						<line number="1278" hits="1"/>
						<line number="1281" hits="0"/>
						<line number="1282" hits="0" branch="true" condition-coverage="0% (0/2)" missing-branches="1283,1284"/>
						<line number="1283" hits="0"/>
						<line number="1284" hits="0" branch="true" condition-coverage="0% (0/2)" missing-branches="1285,1286"/>
						<line number="1285" hits="0"/>
						<line number="1286" hits="0"/>
						<line number="1288" hits="1"/>
						<line number="1289" hits="1"/>
						<line number="1294" hits="0"/>
						<line number="1295" hits="0"/>
						<line number="1296" hits="0" branch="true" condition-coverage="0% (0/2)" missing-branches="1297,1299"/>
						<line number="1297" hits="0" branch="true" condition-coverage="0% (0/2)" missing-branches="1296,1298"/>
						<line number="1298" hits="0"/>
						<line number="1299" hits="0"/>
						<line number="1301" hits="1"/>
						<line number="1302" hits="1"/>
						<line number="1309" hits="0"/>
						<line number="1310" hits="0" branch="true" condition-coverage="0% (0/2)" missing-branches="1311,1318"/>
						<line number="1311" hits="0"/>
						<line number="1312" hits="0" branch="true" condition-coverage="0% (0/2)" missing-branches="1313,1314"/>
						<line number="1313" hits="0"/>
						<line number="1314" hits="0"/>
						<line number="1315" hits="0"/>
						<line number="1316" hits="0"/>
						<line number="1317" hits="0"/>
						<line number="1318" hits="0"/>
						<line number="1320" hits="1"/>
						<line number="1321" hits="0"/>
						<line number="1322" hits="0" branch="true" condition-coverage="0% (0/2)" missing-branches="exit,1323"/>
						<line number="1323" hits="0"/>
						<line number="1324" hits="0" branch="true" condition-coverage="0% (0/2)" missing-branches="exit,1325"/>
						<line number="1325" hits="0"/>
						<line number="1326" hits="0"/>
						<line number="1328" hits="1"/>
						<line number="1329" hits="1"/>
						<line number="1330" hits="0"/>
						<line number="1331" hits="0"/>
						<line number="1332" hits="0"/>
						<line number="1333" hits="0"/>
						<line number="1334" hits="0" branch="true" condition-coverage="0% (0/2)" missing-branches="1335,1339"/>
						<line number="1335" hits="0"/>
						<line number="1336" hits="0"/>
						<line number="1337" hits="0" branch="true" condition-coverage="0% (0/2)" missing-branches="exit,1338"/>
						<line number="1338" hits="0" branch="true" condition-coverage="0% (0/2)" missing-branches="exit,1334"/>
						<line number="1339" hits="0"/>
						<line number="1340" hits="0"/>
						<line number="1341" hits="0"/>
						<line number="1342" hits="0"/>
						<line number="1343" hits="0"/>
						<line number="1344" hits="0" branch="true" condition-coverage="0% (0/2)" missing-branches="exit,1345"/>
						<line number="1345" hits="0"/>
						<line number="1346" hits="0" branch="true" condition-coverage="0% (0/2)" missing-branches="1347,1353"/>
						<line number="1347" hits="0" branch="true" condition-coverage="0% (0/2)" missing-branches="1348,1349"/>
						<line number="1348" hits="0"/>
						<line number="1349" hits="0"/>
						<line number="1350" hits="0" branch="true" condition-coverage="0% (0/2)" missing-branches="exit,1351"/>
						<line number="1351" hits="0"/>
						<line number="1352" hits="0"/>
						<line number="1353" hits="0" branch="true" condition-coverage="0% (0/2)" missing-branches="1332,1354"/>
						<line number="1354" hits="0"/>
						<line number="1356" hits="1"/>
						<line number="1357" hits="1"/>
						<line number="1358" hits="0"/>
						<line number="1359" hits="0"/>
						<line number="1360" hits="0"/>
						<line number="1361" hits="0"/>
						<line number="1362" hits="0"/>
						<line number="1363" hits="0"/>
						<line number="1364" hits="0"/>
						<line number="1365" hits="0" branch="true" condition-coverage="0% (0/2)" missing-branches="1366,1373"/>
						<line number="1366" hits="0"/>
						<line number="1367" hits="0"/>
						<line number="1368" hits="0" branch="true" condition-coverage="0% (0/2)" missing-branches="1365,1369"/>
						<line number="1369" hits="0"/>
						<line number="1370" hits="0"/>
						<line number="1371" hits="0"/>
						<line number="1372" hits="0"/>
						<line number="1373" hits="0"/>
						<line number="1374" hits="0"/>
						<line number="1375" hits="0"/>
						<line number="1377" hits="1"/>
						<line number="1380" hits="0" branch="true" condition-coverage="0% (0/2)" missing-branches="1381,1382"/>
						<line number="1381" hits="0"/>
						<line number="1382" hits="0"/>
						<line number="1383" hits="0" branch="true" condition-coverage="0% (0/2)" missing-branches="1384,1385"/>
						<line number="1384" hits="0"/>
						<line number="1385" hits="0"/>
						<line number="1387" hits="1"/>
						<line number="1388" hits="1"/>
						<line number="1394" hits="0"/>
						<line number="1395" hits="0"/>
						<line number="1397" hits="1"/>
						<line number="1398" hits="1"/>
						<line number="1400" hits="0"/>
						<line number="1404" hits="1"/>
						<line number="1406" hits="1"/>
						<line number="1407" hits="1"/>
						<line number="1412" hits="0"/>
						<line number="1413" hits="0"/>
						<line number="1414" hits="0"/>
						<line number="1417" hits="0" branch="true" condition-coverage="0% (0/2)" missing-branches="1418,1423"/>
						<line number="1418" hits="0"/>
						<line number="1419" hits="0" branch="true" condition-coverage="0% (0/2)" missing-branches="1420,1421"/>
						<line number="1420" hits="0"/>
						<line number="1421" hits="0"/>
						<line number="1423" hits="0"/>
						<line number="1424" hits="0"/>
						<line number="1425" hits="0"/>
						<line number="1426" hits="0" branch="true" condition-coverage="0% (0/2)" missing-branches="1427,1428"/>
						<line number="1427" hits="0"/>
						<line number="1428" hits="0"/>
						<line number="1432" hits="0" branch="true" condition-coverage="0% (0/2)" missing-branches="1433,1439"/>
						<line number="1433" hits="0" branch="true" condition-coverage="0% (0/2)" missing-branches="1434,1436"/>
						<line number="1434" hits="0"/>
						<line number="1436" hits="0"/>
						<line number="1439" hits="0"/>
						<line number="1441" hits="1"/>
						<line number="1442" hits="1"/>
						<line number="1447" hits="0"/>
						<line number="1449" hits="1"/>
						<line number="1450" hits="1"/>
						<line number="1455" hits="0"/>
						<line number="1456" hits="0"/>
						<line number="1458" hits="0"/>
						<line number="1459" hits="0" branch="true" condition-coverage="0% (0/2)" missing-branches="1461,1465"/>
						<line number="1461" hits="0"/>
						<line number="1462" hits="0"/>
						<line number="1463" hits="0" branch="true" condition-coverage="0% (0/2)" missing-branches="1464,1465"/>
						<line number="1464" hits="0"/>
						<line number="1465" hits="0"/>
						<line number="1466" hits="0"/>
						<line number="1468" hits="1"/>
						<line number="1469" hits="1"/>
						<line number="1471" hits="0"/>
						<line number="1473" hits="1"/>
						<line number="1474" hits="1"/>
						<line number="1477" hits="0"/>
						<line number="1479" hits="1"/>
						<line number="1480" hits="1"/>
						<line number="1485" hits="0"/>
						<line number="1486" hits="0"/>
						<line number="1488" hits="1"/>
						<line number="1495" hits="0"/>
						<line number="1496" hits="0"/>
						<line number="1498" hits="1"/>
						<line number="1499" hits="1"/>
						<line number="1503" hits="0"/>
						<line number="1505" hits="1"/>
						<line number="1506" hits="1"/>
						<line number="1508" hits="0"/>
						<line number="1510" hits="1"/>
						<line number="1511" hits="1"/>
						<line number="1515" hits="0"/>
						<line number="1516" hits="0"/>
						<line number="1518" hits="1"/>
						<line number="1519" hits="1"/>
						<line number="1521" hits="0"/>
						<line number="1523" hits="1"/>
						<line number="1524" hits="1"/>
						<line number="1531" hits="0"/>
						<line number="1532" hits="0" branch="true" condition-coverage="0% (0/2)" missing-branches="exit,1533"/>
						<line number="1533" hits="0"/>
						<line number="1534" hits="0" branch="true" condition-coverage="0% (0/2)" missing-branches="exit,1535"/>
						<line number="1535" hits="0"/>
						<line number="1537" hits="1"/>
						<line number="1538" hits="1"/>
						<line number="1543" hits="0"/>
						<line number="1544" hits="0" branch="true" condition-coverage="0% (0/2)" missing-branches="exit,1545"/>
						<line number="1545" hits="0"/>
						<line number="1546" hits="0"/>
						<line number="1548" hits="1"/>
						<line number="1549" hits="1"/>
						<line number="1552" hits="0"/>
						<line number="1553" hits="0"/>
						<line number="1555" hits="1"/>
						<line number="1557" hits="0"/>
						<line number="1559" hits="1"/>
						<line number="1560" hits="0"/>
						<line number="1562" hits="1"/>
						<line number="1563" hits="0"/>
						<line number="1565" hits="1"/>
						<line number="1566" hits="0"/>
						<line number="1567" hits="0"/>
						<line number="1569" hits="1"/>
						<line number="1570" hits="0"/>
						<line number="1572" hits="1"/>
						<line number="1573" hits="0"/>
						<line number="1575" hits="1"/>
						<line number="1576" hits="0"/>
						<line number="1578" hits="1"/>
						<line number="1581" hits="0" branch="true" condition-coverage="0% (0/2)" missing-branches="1582,1584"/>
						<line number="1582" hits="0"/>
						<line number="1584" hits="0"/>
						<line number="1585" hits="0"/>
						<line number="1587" hits="0" branch="true" condition-coverage="0% (0/2)" missing-branches="1588,1589"/>
						<line number="1588" hits="0"/>
						<line number="1589" hits="0" branch="true" condition-coverage="0% (0/2)" missing-branches="1590,1591"/>
						<line number="1590" hits="0"/>
						<line number="1591" hits="0" branch="true" condition-coverage="0% (0/2)" missing-branches="1592,1594"/>
						<line number="1592" hits="0"/>
						<line number="1594" hits="0" branch="true" condition-coverage="0% (0/2)" missing-branches="exit,1595"/>
						<line number="1595" hits="0"/>
						<line number="1597" hits="1"/>
						<line number="1598" hits="0"/>
						<line number="1600" hits="1"/>
						<line number="1602" hits="0"/>
						<line number="1603" hits="0"/>
						<line number="1604" hits="0"/>
						<line number="1605" hits="0"/>
						<line number="1606" hits="0"/>
						<line number="1608" hits="1"/>
						<line number="1610" hits="1" branch="true" condition-coverage="50% (1/2)" missing-branches="1611"/>
						<line number="1611" hits="0"/>
						<line number="1612" hits="0" branch="true" condition-coverage="0% (0/2)" missing-branches="1613,1614"/>
						<line number="1613" hits="0"/>
						<line number="1614" hits="0"/>
						<line number="1616" hits="1"/>
						<line number="1617" hits="0"/>
						<line number="1618" hits="0"/>
						<line number="1619" hits="0"/>
						<line number="1620" hits="0"/>
						<line number="1623" hits="1"/>
						<line number="1624" hits="0" branch="true" condition-coverage="0% (0/2)" missing-branches="1625,1626"/>
						<line number="1625" hits="0"/>
						<line number="1626" hits="0"/>
						<line number="1629" hits="1"/>
						<line number="1630" hits="0"/>
						<line number="1631" hits="0" branch="true" condition-coverage="0% (0/2)" missing-branches="1632,1633"/>
						<line number="1632" hits="0"/>
						<line number="1633" hits="0"/>
						<line number="1636" hits="1"/>
						<line number="1637" hits="1"/>
						<line number="1638" hits="1"/>
						<line number="1639" hits="1"/>
						<line number="1640" hits="1"/>
						<line number="1642" hits="1"/>
						<line number="1643" hits="0" branch="true" condition-coverage="0% (0/2)" missing-branches="exit,1644"/>
						<line number="1644" hits="0"/>
						<line number="1645" hits="0"/>
						<line number="1647" hits="1"/>
						<line number="1648" hits="0"/>
						<line number="1650" hits="1"/>
						<line number="1651" hits="0"/>
						<line number="1654" hits="1"/>
						<line number="1662" hits="1"/>
						<line number="1663" hits="1"/>
						<line number="1667" hits="1"/>
						<line number="1674" hits="1"/>
						<line number="1685" hits="1"/>
						<line number="1686" hits="1"/>
						<line number="1687" hits="1"/>
						<line number="1688" hits="1"/>
						<line number="1689" hits="1" branch="true" condition-coverage="50% (1/2)" missing-branches="1690"/>
						<line number="1690" hits="0" branch="true" condition-coverage="0% (0/2)" missing-branches="1691,1692"/>
						<line number="1691" hits="0"/>
						<line number="1692" hits="0" branch="true" condition-coverage="0% (0/2)" missing-branches="1693,1694"/>
						<line number="1693" hits="0"/>
						<line number="1694" hits="1" branch="true" condition-coverage="50% (1/2)" missing-branches="1695"/>
						<line number="1695" hits="0" branch="true" condition-coverage="0% (0/2)" missing-branches="exit,1696"/>
						<line number="1696" hits="0"/>
						<line number="1698" hits="1"/>
						<line number="1700" hits="0"/>
						<line number="1701" hits="0"/>
						<line number="1702" hits="0"/>
						<line number="1703" hits="0"/>
						<line number="1704" hits="0"/>
						<line number="1705" hits="0" branch="true" condition-coverage="0% (0/2)" missing-branches="1706,1710"/>
						<line number="1706" hits="0"/>
						<line number="1707" hits="0" branch="true" condition-coverage="0% (0/2)" missing-branches="1708,1710"/>
						<line number="1708" hits="0"/>
						<line number="1709" hits="0"/>
						<line number="1710" hits="0"/>
						<line number="1712" hits="1"/>
						<line number="1713" hits="0"/>
						<line number="1715" hits="1"/>
						<line number="1716" hits="0" branch="true" condition-coverage="0% (0/2)" missing-branches="exit,1717"/>
						<line number="1717" hits="0"/>
						<line number="1719" hits="1"/>
						<line number="1720" hits="1"/>
						<line number="1722" hits="0"/>
						<line number="1724" hits="1"/>
						<line number="1725" hits="1"/>
						<line number="1727" hits="0"/>
						<line number="1729" hits="1"/>
						<line number="1730" hits="1" branch="true" condition-coverage="50% (1/2)" missing-branches="1732"/>
						<line number="1731" hits="1"/>
						<line number="1732" hits="0" branch="true" condition-coverage="0% (0/2)" missing-branches="1733,1738"/>
						<line number="1733" hits="0" branch="true" condition-coverage="0% (0/2)" missing-branches="1734,1735"/>
						<line number="1734" hits="0"/>
						<line number="1735" hits="0"/>
						<line number="1736" hits="0"/>
						<line number="1738" hits="0"/>
						<line number="1739" hits="1" branch="true" condition-coverage="50% (1/2)" missing-branches="1740"/>
						<line number="1740" hits="0"/>
						<line number="1741" hits="1"/>
						<line number="1742" hits="1"/>
						<line number="1744" hits="1"/>
						<line number="1745" hits="0"/>
						<line number="1747" hits="1"/>
						<line number="1754" hits="1"/>
						<line number="1756" hits="1"/>
						<line number="1757" hits="1"/>
						<line number="1760" hits="0"/>
						<line number="1761" hits="0"/>
						<line number="1762" hits="0"/>
						<line number="1764" hits="1"/>
						<line number="1765" hits="0"/>
						<line number="1767" hits="1"/>
						<line number="1768" hits="0"/>
						<line number="1770" hits="1"/>
						<line number="1771" hits="0"/>
						<line number="1773" hits="1"/>
						<line number="1774" hits="0"/>
						<line number="1776" hits="1"/>
						<line number="1779" hits="0"/>
						<line number="1781" hits="1"/>
						<line number="1784" hits="0"/>
						<line number="1786" hits="1"/>
						<line number="1788" hits="0"/>
						<line number="1790" hits="1"/>
						<line number="1793" hits="0"/>
						<line number="1795" hits="1"/>
						<line number="1797" hits="0" branch="true" condition-coverage="0% (0/2)" missing-branches="1798,1799"/>
						<line number="1798" hits="0"/>
						<line number="1799" hits="0"/>
						<line number="1801" hits="1"/>
						<line number="1802" hits="1"/>
						<line number="1804" hits="0"/>
						<line number="1805" hits="0"/>
						<line number="1806" hits="0" branch="true" condition-coverage="0% (0/2)" missing-branches="1807,1808"/>
						<line number="1807" hits="0"/>
						<line number="1808" hits="0" branch="true" condition-coverage="0% (0/2)" missing-branches="1809,1811"/>
						<line number="1809" hits="0"/>
						<line number="1810" hits="0"/>
						<line number="1811" hits="0"/>
						<line number="1812" hits="0" branch="true" condition-coverage="0% (0/2)" missing-branches="1813,1815"/>
						<line number="1813" hits="0" branch="true" condition-coverage="0% (0/2)" missing-branches="1814,1815"/>
						<line number="1814" hits="0"/>
						<line number="1815" hits="0" branch="true" condition-coverage="0% (0/2)" missing-branches="1816,1817"/>
						<line number="1816" hits="0"/>
						<line number="1817" hits="0"/>
						<line number="1819" hits="1"/>
						<line number="1820" hits="1"/>
						<line number="1821" hits="1"/>
						<line number="1826" hits="1"/>
						<line number="1827" hits="1"/>
						<line number="1829" hits="0" branch="true" condition-coverage="0% (0/2)" missing-branches="1830,1831"/>
						<line number="1830" hits="0"/>
						<line number="1831" hits="0"/>
						<line number="1833" hits="1"/>
						<line number="1873" hits="0" branch="true" condition-coverage="0% (0/2)" missing-branches="1874,1878"/>
						<line number="1874" hits="0"/>
						<line number="1878" hits="0" branch="true" condition-coverage="0% (0/2)" missing-branches="1879,1881"/>
						<line number="1879" hits="0"/>
						<line number="1881" hits="0" branch="true" condition-coverage="0% (0/2)" missing-branches="1882,1890"/>
						<line number="1882" hits="0" branch="true" condition-coverage="0% (0/2)" missing-branches="1883,1886"/>
						<line number="1883" hits="0"/>
						<line number="1886" hits="0"/>
						<line number="1887" hits="0"/>
						<line number="1889" hits="0"/>
						<line number="1890" hits="0" branch="true" condition-coverage="0% (0/2)" missing-branches="1891,1894"/>
						<line number="1891" hits="0"/>
						<line number="1894" hits="0" branch="true" condition-coverage="0% (0/2)" missing-branches="1895,1897"/>
						<line number="1895" hits="0"/>
						<line number="1897" hits="0"/>
						<line number="1899" hits="0" branch="true" condition-coverage="0% (0/2)" missing-branches="exit,1900"/>
						<line number="1900" hits="0" branch="true" condition-coverage="0% (0/2)" missing-branches="1901,1904"/>
						<line number="1901" hits="0"/>
						<line number="1902" hits="0" branch="true" condition-coverage="0% (0/2)" missing-branches="1903,1904"/>
						<line number="1903" hits="0"/>
						<line number="1904" hits="0" branch="true" condition-coverage="0% (0/2)" missing-branches="1905,1906"/>
						<line number="1905" hits="0"/>
						<line number="1906" hits="0" branch="true" condition-coverage="0% (0/2)" missing-branches="1907,1910"/>
						<line number="1907" hits="0"/>
						<line number="1908" hits="0" branch="true" condition-coverage="0% (0/2)" missing-branches="1909,1910"/>
						<line number="1909" hits="0"/>
						<line number="1910" hits="0" branch="true" condition-coverage="0% (0/2)" missing-branches="1911,1912"/>
						<line number="1911" hits="0"/>
						<line number="1912" hits="0"/>
						<line number="1914" hits="1"/>
						<line number="1917" hits="0"/>
						<line number="1918" hits="0"/>
						<line number="1919" hits="0"/>
						<line number="1921" hits="1"/>
						<line number="1922" hits="0"/>
						<line number="1923" hits="0" branch="true" condition-coverage="0% (0/2)" missing-branches="1924,1925"/>
						<line number="1924" hits="0"/>
						<line number="1925" hits="0"/>
						<line number="1928" hits="1"/>
						<line number="1929" hits="1"/>
						<line number="1931" hits="1"/>
						<line number="1932" hits="1"/>
						<line number="1933" hits="1"/>
						<line number="1934" hits="0"/>
						<line number="1935" hits="0"/>
						<line number="1937" hits="1"/>
						<line number="1938" hits="1"/>
						<line number="1940" hits="1"/>
						<line number="1941" hits="0"/>
						<line number="1943" hits="1"/>
						<line number="1946" hits="1"/>
						<line number="1952" hits="1"/>
						<line number="1953" hits="1"/>
						<line number="1956" hits="1"/>
						<line number="1962" hits="1"/>
						<line number="1963" hits="1"/>
						<line number="1964" hits="1"/>
						<line number="1965" hits="1"/>
						<line number="1966" hits="1"/>
						<line number="1967" hits="1"/>
						<line number="1970" hits="1"/>
						<line number="1971" hits="1"/>
						<line number="1974" hits="1"/>
						<line number="1982" hits="1"/>
						<line number="1983" hits="0"/>
						<line number="1985" hits="1"/>
						<line number="1987" hits="0"/>
						<line number="1988" hits="0"/>
						<line number="1989" hits="0"/>
						<line number="1990" hits="0"/>
						<line number="1991" hits="0"/>
						<line number="1994" hits="1"/>
						<line number="1997" hits="1"/>
						<line number="1999" hits="1"/>
						<line number="2004" hits="0"/>
						<line number="2005" hits="0"/>
						<line number="2006" hits="0"/>
						<line number="2013" hits="1"/>
						<line number="2014" hits="1"/>
						<line number="2017" hits="1"/>
						<line number="2018" hits="1"/>
						<line number="2019" hits="1"/>
						<line number="2021" hits="1"/>
						<line number="2022" hits="1"/>
						<line number="2024" hits="1"/>
						<line number="2025" hits="1"/>
						<line number="2027" hits="1"/>
						<line number="2029" hits="1"/>
						<line number="2031" hits="1"/>
						<line number="2036" hits="1"/>
						<line number="2037" hits="0"/>
						<line number="2038" hits="0" branch="true" condition-coverage="0% (0/2)" missing-branches="exit,2040"/>
						<line number="2040" hits="0"/>
						<line number="2041" hits="0"/>
						<line number="2042" hits="0"/>
						<line number="2043" hits="0"/>
						<line number="2044" hits="0"/>
						<line number="2045" hits="0"/>
						<line number="2047" hits="0" branch="true" condition-coverage="0% (0/2)" missing-branches="2049,2053"/>
						<line number="2049" hits="0"/>
						<line number="2051" hits="0"/>
						<line number="2052" hits="0"/>
						<line number="2053" hits="0" branch="true" condition-coverage="0% (0/2)" missing-branches="2054,2056"/>
						<line number="2054" hits="0"/>
						<line number="2055" hits="0"/>
						<line number="2056" hits="0"/>
						<line number="2058" hits="0"/>
						<line number="2061" hits="1"/>
						<line number="2066" hits="1"/>
						<line number="2067" hits="1"/>
						<line number="2069" hits="1"/>
						<line number="2070" hits="1"/>
						<line number="2072" hits="1"/>
						<line number="2073" hits="0"/>
						<line number="2074" hits="0" branch="true" condition-coverage="0% (0/2)" missing-branches="2075,2076"/>
						<line number="2075" hits="0"/>
						<line number="2076" hits="0" branch="true" condition-coverage="0% (0/2)" missing-branches="2077,2079"/>
						<line number="2077" hits="0"/>
						<line number="2079" hits="0"/>
						<line number="2083" hits="1"/>
						<line number="2084" hits="1"/>
						<line number="2086" hits="1"/>
						<line number="2087" hits="1"/>
						<line number="2088" hits="1"/>
						<line number="2089" hits="1"/>
						<line number="2095" hits="1"/>
						<line number="2097" hits="1"/>
						<line number="2098" hits="0" branch="true" condition-coverage="0% (0/2)" missing-branches="exit,2099"/>
						<line number="2099" hits="0" branch="true" condition-coverage="0% (0/2)" missing-branches="exit,2100"/>
						<line number="2100" hits="0"/>
						<line number="2101" hits="0"/>
						<line number="2103" hits="1"/>
						<line number="2104" hits="0" branch="true" condition-coverage="0% (0/2)" missing-branches="exit,2105"/>
						<line number="2105" hits="0" branch="true" condition-coverage="0% (0/2)" missing-branches="exit,2106"/>
						<line number="2106" hits="0"/>
						<line number="2108" hits="1"/>
						<line number="2109" hits="0"/>
						<line number="2111" hits="1"/>
						<line number="2112" hits="0"/>
						<line number="2114" hits="1"/>
						<line number="2115" hits="0" branch="true" condition-coverage="0% (0/2)" missing-branches="exit,2116"/>
						<line number="2116" hits="0"/>
						<line number="2117" hits="0"/>
						<line number="2118" hits="0"/>
						<line number="2119" hits="0"/>
						<line number="2120" hits="0"/>
						<line number="2121" hits="0"/>
						<line number="2122" hits="0"/>
						<line number="2129" hits="1"/>
						<line number="2135" hits="1"/>
						<line number="2136" hits="0"/>
						<line number="2138" hits="1"/>
						<line number="2139" hits="0"/>
						<line number="2141" hits="1"/>
						<line number="2142" hits="0"/>
						<line number="2144" hits="1"/>
						<line number="2145" hits="0"/>
						<line number="2147" hits="1"/>
						<line number="2148" hits="0"/>
						<line number="2150" hits="1"/>
						<line number="2151" hits="0"/>
						<line number="2153" hits="1"/>
						<line number="2154" hits="0"/>
						<line number="2156" hits="1"/>
						<line number="2157" hits="0"/>
						<line number="2159" hits="1" branch="true" condition-coverage="50% (1/2)" missing-branches="2177"/>
						<line number="2161" hits="1"/>
						<line number="2162" hits="0"/>
						<line number="2164" hits="1"/>
						<line number="2165" hits="0"/>
						<line number="2167" hits="1"/>
						<line number="2168" hits="0"/>
						<line number="2170" hits="1"/>
						<line number="2171" hits="1"/>
						<line number="2172" hits="1"/>
						<line number="2173" hits="1"/>
						<line number="2177" hits="0"/>
						<line number="2178" hits="0"/>
						<line number="2180" hits="0"/>
						<line number="2181" hits="0"/>
						<line number="2183" hits="0"/>
						<line number="2184" hits="0"/>
						<line number="2186" hits="0"/>
						<line number="2187" hits="0"/>
						<line number="2189" hits="0"/>
						<line number="2190" hits="0"/>
						<line number="2192" hits="0"/>
						<line number="2193" hits="0"/>
						<line number="2195" hits="0"/>
						<line number="2196" hits="0"/>
						<line number="2198" hits="1"/>
						<line number="2208" hits="0"/>
						<line number="2209" hits="0"/>
						<line number="2210" hits="0"/>
						<line number="2211" hits="0"/>
						<line number="2212" hits="0"/>
						<line number="2213" hits="0"/>
						<line number="2215" hits="1"/>
						<line number="2217" hits="0"/>
						<line number="2219" hits="1"/>
						<line number="2221" hits="0"/>
						<line number="2223" hits="1"/>
						<line number="2225" hits="0"/>
						<line number="2228" hits="1"/>
						<line number="2229" hits="1"/>
						<line number="2232" hits="1"/>
						<line number="2241" hits="1"/>
						<line number="2244" hits="1"/>
						<line number="2246" hits="1"/>
						<line number="2247" hits="0" branch="true" condition-coverage="0% (0/2)" missing-branches="2248,2249"/>
						<line number="2248" hits="0"/>
						<line number="2249" hits="0" branch="true" condition-coverage="0% (0/2)" missing-branches="2250,2252"/>
						<line number="2250" hits="0"/>
						<line number="2252" hits="0"/>
						<line number="2254" hits="1"/>
						<line number="2258" hits="0"/>
						<line number="2259" hits="0"/>
						<line number="2260" hits="0"/>
						<line number="2261" hits="0" branch="true" condition-coverage="0% (0/2)" missing-branches="2262,2263"/>
						<line number="2262" hits="0"/>
						<line number="2263" hits="0"/>
						<line number="2265" hits="1"/>
						<line number="2267" hits="0"/>
						<line number="2268" hits="0"/>
						<line number="2269" hits="0"/>
						<line number="2270" hits="0"/>
						<line number="2272" hits="1"/>
						<line number="2274" hits="0" branch="true" condition-coverage="0% (0/2)" missing-branches="2275,2276"/>
						<line number="2275" hits="0"/>
						<line number="2276" hits="0"/>
						<line number="2278" hits="1"/>
						<line number="2282" hits="1"/>
						<line number="2283" hits="0"/>
						<line number="2284" hits="0"/>
						<line number="2286" hits="1"/>
						<line number="2287" hits="0"/>
						<line number="2289" hits="1"/>
						<line number="2290" hits="0"/>
						<line number="2292" hits="1"/>
						<line number="2293" hits="0"/>
						<line number="2295" hits="1"/>
						<line number="2296" hits="0"/>
						<line number="2298" hits="1"/>
						<line number="2299" hits="0"/>
						<line number="2301" hits="1"/>
						<line number="2302" hits="0"/>
						<line number="2304" hits="1"/>
						<line number="2305" hits="0"/>
						<line number="2307" hits="1"/>
						<line number="2308" hits="0"/>
						<line number="2310" hits="1"/>
						<line number="2311" hits="0" branch="true" condition-coverage="0% (0/2)" missing-branches="exit,2312"/>
						<line number="2312" hits="0" branch="true" condition-coverage="0% (0/2)" missing-branches="2311,2313"/>
						<line number="2313" hits="0"/>
						<line number="2316" hits="1"/>
						<line number="2328" hits="1"/>
						<line number="2330" hits="1"/>
						<line number="2331" hits="0"/>
						<line number="2333" hits="1"/>
						<line number="2335" hits="0"/>
						<line number="2336" hits="0" branch="true" condition-coverage="0% (0/2)" missing-branches="2337,2338"/>
						<line number="2337" hits="0"/>
						<line number="2338" hits="0"/>
						<line number="2340" hits="1"/>
						<line number="2342" hits="0"/>
						<line number="2344" hits="1"/>
						<line number="2345" hits="0"/>
						<line number="2346" hits="0" branch="true" condition-coverage="0% (0/2)" missing-branches="2347,2351"/>
						<line number="2347" hits="0" branch="true" condition-coverage="0% (0/2)" missing-branches="2348,2350"/>
						<line number="2348" hits="0"/>
						<line number="2350" hits="0"/>
						<line number="2351" hits="0"/>
						<line number="2353" hits="1"/>
						<line number="2354" hits="0"/>
						<line number="2356" hits="1"/>
						<line number="2357" hits="0"/>
						<line number="2359" hits="1"/>
						<line number="2360" hits="0" branch="true" condition-coverage="0% (0/2)" missing-branches="exit,2361"/>
						<line number="2361" hits="0" branch="true" condition-coverage="0% (0/2)" missing-branches="2362,2363"/>
						<line number="2362" hits="0"/>
						<line number="2363" hits="0" branch="true" condition-coverage="0% (0/2)" missing-branches="2360,2364"/>
						<line number="2364" hits="0"/>
						<line number="2366" hits="1"/>
						<line number="2367" hits="0"/>
						<line number="2369" hits="1"/>
						<line number="2370" hits="0"/>
						<line number="2372" hits="1"/>
						<line number="2373" hits="0"/>
						<line number="2375" hits="1"/>
						<line number="2377" hits="1"/>
						<line number="2385" hits="1"/>
						<line number="2387" hits="1"/>
						<line number="2388" hits="1"/>
						<line number="2389" hits="1"/>
						<line number="2391" hits="1"/>
						<line number="2393" hits="1"/>
						<line number="2395" hits="1"/>
						<line number="2397" hits="1"/>
						<line number="2407" hits="0"/>
						<line number="2408" hits="0"/>
						<line number="2411" hits="0" branch="true" condition-coverage="0% (0/2)" missing-branches="2412,2414"/>
						<line number="2412" hits="0"/>
						<line number="2414" hits="0"/>
						<line number="2415" hits="0"/>
						<line number="2417" hits="1"/>
						<line number="2433" hits="0"/>
						<line number="2434" hits="0" branch="true" condition-coverage="0% (0/2)" missing-branches="2435,2437"/>
						<line number="2435" hits="0"/>
						<line number="2437" hits="0"/>
						<line number="2438" hits="0"/>
						<line number="2439" hits="0" branch="true" condition-coverage="0% (0/2)" missing-branches="2440,2445"/>
						<line number="2440" hits="0" branch="true" condition-coverage="0% (0/2)" missing-branches="2439,2441"/>
						<line number="2441" hits="0"/>
						<line number="2442" hits="0" branch="true" condition-coverage="0% (0/2)" missing-branches="2443,2444"/>
						<line number="2443" hits="0"/>
						<line number="2444" hits="0"/>
						<line number="2445" hits="0"/>
						<line number="2447" hits="1"/>
						<line number="2455" hits="1" branch="true" condition-coverage="50% (1/2)" missing-branches="2456"/>
						<line number="2456" hits="0" branch="true" condition-coverage="0% (0/2)" missing-branches="2457,2463"/>
						<line number="2457" hits="0"/>
						<line number="2458" hits="0" branch="true" condition-coverage="0% (0/2)" missing-branches="2459,2461"/>
						<line number="2459" hits="0"/>
						<line number="2461" hits="0"/>
						<line number="2463" hits="0"/>
						<line number="2464" hits="1"/>
						<line number="2466" hits="1"/>
						<line number="2473" hits="1"/>
						<line number="2474" hits="1" branch="true" condition-coverage="50% (1/2)" missing-branches="2475"/>
						<line number="2475" hits="0"/>
						<line number="2476" hits="0"/>
						<line number="2477" hits="1" branch="true" condition-coverage="100% (2/2)"/>
						<line number="2478" hits="1"/>
						<line number="2480" hits="1"/>
						<line number="2481" hits="1" branch="true" condition-coverage="50% (1/2)" missing-branches="2483"/>
						<line number="2482" hits="1"/>
						<line number="2483" hits="1"/>
						<line number="2485" hits="1"/>
						<line number="2486" hits="1" branch="true" condition-coverage="50% (1/2)" missing-branches="2487"/>
						<line number="2487" hits="0"/>
						<line number="2489" hits="1"/>
						<line number="2491" hits="1"/>
						<line number="2492" hits="1" branch="true" condition-coverage="50% (1/2)" missing-branches="2493"/>
						<line number="2493" hits="0"/>
						<line number="2495" hits="1"/>
						<line number="2496" hits="1"/>
						<line number="2498" hits="1" branch="true" condition-coverage="50% (1/2)" missing-branches="2499"/>
						<line number="2499" hits="0"/>
						<line number="2501" hits="1"/>
						<line number="2502" hits="0" branch="true" condition-coverage="0% (0/2)" missing-branches="2503,2504"/>
						<line number="2503" hits="0"/>
						<line number="2504" hits="0" branch="true" condition-coverage="0% (0/2)" missing-branches="2505,2507"/>
						<line number="2505" hits="0"/>
						<line number="2507" hits="0" branch="true" condition-coverage="0% (0/2)" missing-branches="2509,2512"/>
						<line number="2509" hits="0"/>
						<line number="2510" hits="0"/>
						<line number="2512" hits="0"/>
						<line number="2513" hits="0"/>
						<line number="2514" hits="0" branch="true" condition-coverage="0% (0/2)" missing-branches="exit,2515"/>
						<line number="2515" hits="0"/>
						<line number="2517" hits="1"/>
						<line number="2519" hits="1" branch="true" condition-coverage="50% (1/2)" missing-branches="2520"/>
						<line number="2520" hits="0"/>
						<line number="2522" hits="1"/>
						<line number="2523" hits="1" branch="true" condition-coverage="50% (1/2)" missing-branches="2524"/>
						<line number="2524" hits="0"/>
						<line number="2525" hits="1"/>
						<line number="2526" hits="1" branch="true" condition-coverage="50% (1/2)" missing-branches="2527"/>
						<line number="2527" hits="0"/>
						<line number="2529" hits="1"/>
						<line number="2531" hits="0" branch="true" condition-coverage="0% (0/2)" missing-branches="2532,2534"/>
						<line number="2532" hits="0"/>
						<line number="2534" hits="0" branch="true" condition-coverage="0% (0/2)" missing-branches="2535,2536"/>
						<line number="2535" hits="0"/>
						<line number="2536" hits="0"/>
						<line number="2537" hits="0"/>
						<line number="2538" hits="0" branch="true" condition-coverage="0% (0/2)" missing-branches="exit,2539"/>
						<line number="2539" hits="0"/>
						<line number="2541" hits="1"/>
						<line number="2542" hits="1" branch="true" condition-coverage="100% (2/2)"/>
						<line number="2543" hits="1" branch="true" condition-coverage="50% (1/2)" missing-branches="2544"/>
						<line number="2544" hits="0"/>
						<line number="2546" hits="1"/>
						<line number="2547" hits="1"/>
						<line number="2548" hits="1"/>
						<line number="2550" hits="1"/>
						<line number="2552" hits="1"/>
						<line number="2554" hits="1"/>
						<line number="2559" hits="1"/>
						<line number="2561" hits="1"/>
						<line number="2563" hits="0"/>
						<line number="2565" hits="1"/>
						<line number="2567" hits="1" branch="true" condition-coverage="50% (1/2)" missing-branches="2569"/>
						<line number="2568" hits="1"/>
						<line number="2569" hits="1" branch="true" condition-coverage="50% (1/2)" missing-branches="2571"/>
						<line number="2570" hits="1"/>
						<line number="2571" hits="1" branch="true" condition-coverage="100% (2/2)"/>
						<line number="2572" hits="1"/>
						<line number="2574" hits="1"/>
						<line number="2575" hits="1" branch="true" condition-coverage="50% (1/2)" missing-branches="2576"/>
						<line number="2576" hits="0"/>
						<line number="2577" hits="0" branch="true" condition-coverage="0% (0/2)" missing-branches="2575,2578"/>
						<line number="2578" hits="0"/>
						<line number="2580" hits="1"/>
						<line number="2605" hits="1"/>
						<line number="2607" hits="1"/>
						<line number="2608" hits="1"/>
						<line number="2609" hits="1"/>
						<line number="2610" hits="1"/>
						<line number="2611" hits="1" branch="true" condition-coverage="100% (2/2)"/>
						<line number="2612" hits="1"/>
						<line number="2613" hits="1"/>
						<line number="2618" hits="1"/>
						<line number="2621" hits="1"/>
						<line number="2623" hits="1"/>
						<line number="2625" hits="1"/>
						<line number="2627" hits="1" branch="true" condition-coverage="50% (1/2)" missing-branches="2629"/>
						<line number="2628" hits="1"/>
						<line number="2629" hits="1"/>
						<line number="2630" hits="1"/>
						<line number="2631" hits="1"/>
						<line number="2633" hits="1"/>
						<line number="2634" hits="1"/>
						<line number="2635" hits="1"/>
						<line number="2636" hits="1"/>
						<line number="2637" hits="1"/>
						<line number="2638" hits="1"/>
						<line number="2641" hits="1"/>
						<line number="2642" hits="1"/>
						<line number="2643" hits="0"/>
						<line number="2644" hits="0" branch="true" condition-coverage="0% (0/2)" missing-branches="exit,2645"/>
						<line number="2645" hits="0"/>
						<line number="2647" hits="1"/>
						<line number="2648" hits="0"/>
						<line number="2649" hits="0"/>
						<line number="2650" hits="0" branch="true" condition-coverage="0% (0/2)" missing-branches="exit,2651"/>
						<line number="2651" hits="0"/>
						<line number="2652" hits="0"/>
						<line number="2655" hits="1"/>
						<line number="2659" hits="1"/>
						<line number="2660" hits="0"/>
						<line number="2661" hits="0"/>
						<line number="2663" hits="1"/>
						<line number="2664" hits="0"/>
						<line number="2666" hits="1"/>
						<line number="2667" hits="0" branch="true" condition-coverage="0% (0/2)" missing-branches="exit,2668"/>
						<line number="2668" hits="0"/>
						<line number="2671" hits="1"/>
						<line number="2681" hits="1"/>
						<line number="2682" hits="1"/>
						<line number="2683" hits="1"/>
						<line number="2684" hits="1"/>
						<line number="2687" hits="1"/>
						<line number="2689" hits="1"/>
						<line number="2691" hits="1"/>
						<line number="2708" hits="0"/>
						<line number="2709" hits="0"/>
						<line number="2710" hits="0"/>
						<line number="2711" hits="0" branch="true" condition-coverage="0% (0/2)" missing-branches="2712,2713"/>
						<line number="2712" hits="0"/>
						<line number="2713" hits="0" branch="true" condition-coverage="0% (0/2)" missing-branches="2714,2715"/>
						<line number="2714" hits="0"/>
						<line number="2715" hits="0" branch="true" condition-coverage="0% (0/2)" missing-branches="2716,2718"/>
						<line number="2716" hits="0"/>
						<line number="2718" hits="0"/>
						<line number="2719" hits="0"/>
						<line number="2720" hits="0"/>
						<line number="2722" hits="1"/>
						<line number="2724" hits="0"/>
						<line number="2725" hits="0" branch="true" condition-coverage="0% (0/2)" missing-branches="exit,2726"/>
						<line number="2726" hits="0"/>
						<line number="2727" hits="0" branch="true" condition-coverage="0% (0/2)" missing-branches="2725,2728"/>
						<line number="2728" hits="0" branch="true" condition-coverage="0% (0/2)" missing-branches="2725,2729"/>
						<line number="2729" hits="0"/>
						<line number="2730" hits="0" branch="true" condition-coverage="0% (0/2)" missing-branches="2728,2731"/>
						<line number="2731" hits="0"/>
						<line number="2733" hits="1"/>
						<line number="2739" hits="0" branch="true" condition-coverage="0% (0/2)" missing-branches="2740,2748"/>
						<line number="2740" hits="0" branch="true" condition-coverage="0% (0/2)" missing-branches="2741,2746"/>
						<line number="2741" hits="0"/>
						<line number="2742" hits="0" branch="true" condition-coverage="0% (0/2)" missing-branches="2740,2743"/>
						<line number="2743" hits="0" branch="true" condition-coverage="0% (0/2)" missing-branches="2744,2745"/>
						<line number="2744" hits="0"/>
						<line number="2745" hits="0"/>
						<line number="2746" hits="0" branch="true" condition-coverage="0% (0/2)" missing-branches="2747,2748"/>
						<line number="2747" hits="0"/>
						<line number="2748" hits="0"/>
						<line number="2750" hits="1"/>
						<line number="2752" hits="0"/>
						<line number="2753" hits="0" branch="true" condition-coverage="0% (0/2)" missing-branches="exit,2754"/>
						<line number="2754" hits="0"/>
						<line number="2757" hits="1"/>
						<line number="2758" hits="1"/>
						<line number="2761" hits="0"/>
						<line number="2763" hits="0"/>
						<line number="2765" hits="0"/>
						<line number="2767" hits="0"/>
						<line number="2769" hits="1"/>
						<line number="2770" hits="1"/>
						<line number="2772" hits="1"/>
						<line number="2774" hits="0"/>
						<line number="2776" hits="1"/>
						<line number="2777" hits="1"/>
						<line number="2786" hits="0"/>
						<line number="2787" hits="0" branch="true" condition-coverage="0% (0/2)" missing-branches="2788,2789"/>
						<line number="2788" hits="0"/>
						<line number="2789" hits="0"/>
						<line number="2790" hits="0"/>
						<line number="2791" hits="0"/>
						<line number="2792" hits="0"/>
						<line number="2793" hits="0"/>
						<line number="2794" hits="0"/>
						<line number="2796" hits="1"/>
						<line number="2797" hits="0"/>
						<line number="2798" hits="0"/>
						<line number="2799" hits="0"/>
						<line number="2800" hits="0" branch="true" condition-coverage="0% (0/2)" missing-branches="2801,2802"/>
						<line number="2801" hits="0"/>
						<line number="2802" hits="0"/>
						<line number="2804" hits="1"/>
						<line number="2813" hits="0" branch="true" condition-coverage="0% (0/2)" missing-branches="2814,2821"/>
						<line number="2814" hits="0" branch="true" condition-coverage="0% (0/2)" missing-branches="2815,2816"/>
						<line number="2815" hits="0"/>
						<line number="2816" hits="0" branch="true" condition-coverage="0% (0/2)" missing-branches="2817,2818"/>
						<line number="2817" hits="0"/>
						<line number="2818" hits="0"/>
						<line number="2819" hits="0"/>
						<line number="2821" hits="0"/>
						<line number="2828" hits="1"/>
						<line number="2830" hits="0"/>
						<line number="2833" hits="1"/>
						<line number="2836" hits="0" branch="true" condition-coverage="0% (0/2)" missing-branches="2837,2838"/>
						<line number="2837" hits="0"/>
						<line number="2838" hits="0"/>
						<line number="2839" hits="0"/>
						<line number="2840" hits="0"/>
						<line number="2841" hits="0"/>
						<line number="2842" hits="0"/>
						<line number="2845" hits="1"/>
						<line number="2847" hits="0"/>
						<line number="2848" hits="0" branch="true" condition-coverage="0% (0/2)" missing-branches="exit,2849"/>
						<line number="2849" hits="0"/>
						<line number="2850" hits="0" branch="true" condition-coverage="0% (0/2)" missing-branches="2851,2852"/>
						<line number="2851" hits="0"/>
						<line number="2852" hits="0"/>
						<line number="2853" hits="0"/>
						<line number="2856" hits="1"/>
						<line number="2893" hits="0"/>
						<line number="2894" hits="0"/>
						<line number="2895" hits="0"/>
						<line number="2896" hits="0"/>
						<line number="2898" hits="0" branch="true" condition-coverage="0% (0/2)" missing-branches="2899,2900"/>
						<line number="2899" hits="0"/>
						<line number="2900" hits="0" branch="true" condition-coverage="0% (0/2)" missing-branches="2901,2902"/>
						<line number="2901" hits="0"/>
[...]
						<line number="741" hits="0"/>
						<line number="742" hits="0" branch="true" condition-coverage="0% (0/2)" missing-branches="743,745"/>
						<line number="743" hits="0"/>
						<line number="745" hits="0"/>
						<line number="746" hits="0"/>
						<line number="747" hits="0"/>
						<line number="748" hits="0"/>
						<line number="757" hits="0"/>
						<line number="765" hits="1"/>
						<line number="774" hits="1"/>
						<line number="778" hits="1"/>
						<line number="786" hits="1"/>
						<line number="792" hits="1"/>
						<line number="795" hits="1"/>
						<line number="799" hits="0"/>
						<line number="808" hits="0"/>
						<line number="811" hits="1"/>
						<line number="813" hits="0"/>
						<line number="814" hits="0"/>
						<line number="815" hits="0"/>
						<line number="816" hits="0"/>
						<line number="817" hits="0"/>
						<line number="823" hits="0"/>
						<line number="826" hits="1"/>
						<line number="828" hits="0"/>
						<line number="829" hits="0"/>
						<line number="830" hits="0"/>
						<line number="832" hits="0"/>
						<line number="833" hits="0"/>
						<line number="836" hits="0"/>
						<line number="837" hits="0"/>
						<line number="840" hits="0"/>
						<line number="843" hits="0"/>
						<line number="844" hits="0"/>
						<line number="845" hits="0"/>
						<line number="848" hits="0" branch="true" condition-coverage="0% (0/2)" missing-branches="849,855"/>
						<line number="849" hits="0"/>
						<line number="850" hits="0"/>
						<line number="851" hits="0"/>
						<line number="852" hits="0"/>
						<line number="855" hits="0" branch="true" condition-coverage="0% (0/2)" missing-branches="856,860"/>
						<line number="856" hits="0"/>
						<line number="857" hits="0"/>
						<line number="860" hits="0" branch="true" condition-coverage="0% (0/2)" missing-branches="861,863"/>
						<line number="861" hits="0"/>
						<line number="863" hits="0"/>
						<line number="866" hits="0"/>
						<line number="867" hits="0"/>
						<line number="869" hits="0"/>
						<line number="871" hits="0"/>
						<line number="879" hits="1"/>
						<line number="887" hits="0"/>
						<line number="888" hits="0"/>
						<line number="889" hits="0"/>
						<line number="890" hits="0"/>
						<line number="891" hits="0"/>
						<line number="893" hits="0"/>
						<line number="894" hits="0"/>
						<line number="895" hits="0"/>
						<line number="896" hits="0"/>
						<line number="901" hits="0"/>
						<line number="902" hits="0"/>
						<line number="904" hits="0"/>
						<line number="905" hits="0"/>
						<line number="906" hits="0"/>
						<line number="907" hits="0"/>
						<line number="908" hits="0"/>
						<line number="909" hits="0"/>
						<line number="910" hits="0"/>
						<line number="911" hits="0"/>
						<line number="912" hits="0"/>
						<line number="913" hits="0"/>
						<line number="915" hits="0"/>
						<line number="916" hits="0"/>
						<line number="919" hits="1" branch="true" condition-coverage="50% (1/2)" missing-branches="920"/>
						<line number="920" hits="0"/>
					</lines>
				</class>
			</classes>
		</package>
		<package name="sms-processor" line-rate="0" branch-rate="0" complexity="0">
			<classes>
				<class name="__init__.py" filename="sms-processor/__init__.py" complexity="0" line-rate="0" branch-rate="0">
					<methods/>
					<lines>
						<line number="1" hits="0"/>
						<line number="2" hits="0"/>
						<line number="5" hits="0"/>
						<line number="6" hits="0" branch="true" condition-coverage="0% (0/2)" missing-branches="exit,7"/>
						<line number="7" hits="0"/>
					</lines>
				</class>
			</classes>
		</package>
		<package name="sms-processor.src.sms_processor" line-rate="0.92" branch-rate="0.7778" complexity="0">
			<classes>
				<class name="__init__.py" filename="sms-processor/src/sms_processor/__init__.py" complexity="0" line-rate="1" branch-rate="1">
					<methods/>
					<lines>
						<line number="7" hits="1"/>
						<line number="9" hits="1"/>
					</lines>
				</class>
				<class name="archiver.py" filename="sms-processor/src/sms_processor/archiver.py" complexity="0" line-rate="0.9589" branch-rate="0.85">
					<methods/>
					<lines>
						<line number="3" hits="1"/>
						<line number="5" hits="1"/>
						<line number="6" hits="1"/>
						<line number="7" hits="1"/>
						<line number="8" hits="1"/>
						<line number="9" hits="1"/>
						<line number="10" hits="1"/>
						<line number="11" hits="1"/>
						<line number="13" hits="1"/>
						<line number="15" hits="1"/>
						<line number="18" hits="1"/>
						<line number="20" hits="1" branch="true" condition-coverage="50% (1/2)" missing-branches="23"/>
						<line number="21" hits="1"/>
						<line number="22" hits="1"/>
						<line number="23" hits="0"/>
						<line number="24" hits="0"/>
						<line number="27" hits="1"/>
						<line number="34" hits="1"/>
						<line number="36" hits="1"/>
						<line number="37" hits="1"/>
						<line number="38" hits="1"/>
						<line number="39" hits="1"/>
						<line number="40" hits="1"/>
						<line number="42" hits="1"/>
						<line number="43" hits="1"/>
						<line number="44" hits="1" branch="true" condition-coverage="100% (2/2)"/>
						<line number="45" hits="1"/>
						<line number="46" hits="1"/>
						<line number="48" hits="1"/>
						<line number="49" hits="1" branch="true" condition-coverage="100% (2/2)"/>
						<line number="50" hits="1"/>
						<line number="51" hits="1"/>
						<line number="53" hits="1"/>
						<line number="54" hits="1"/>
						<line number="55" hits="1"/>
						<line number="57" hits="1" branch="true" condition-coverage="100% (2/2)"/>
						<line number="58" hits="1"/>
						<line number="59" hits="1" branch="true" condition-coverage="50% (1/2)" missing-branches="62"/>
						<line number="60" hits="1"/>
						<line number="62" hits="1"/>
						<line number="64" hits="1"/>
						<line number="65" hits="1"/>
						<line number="67" hits="1"/>
						<line number="68" hits="1" branch="true" condition-coverage="50% (1/2)" missing-branches="69"/>
						<line number="69" hits="0"/>
						<line number="70" hits="1"/>
						<line number="72" hits="1"/>
						<line number="73" hits="1"/>
						<line number="75" hits="1"/>
						<line number="78" hits="1"/>
						<line number="82" hits="1"/>
						<line number="83" hits="1" branch="true" condition-coverage="100% (2/2)"/>
						<line number="84" hits="1"/>
						<line number="89" hits="1"/>
						<line number="90" hits="1"/>
						<line number="92" hits="1"/>
						<line number="93" hits="1"/>
						<line number="95" hits="1" branch="true" condition-coverage="100% (2/2)"/>
						<line number="96" hits="1"/>
						<line number="98" hits="1"/>
						<line number="99" hits="1"/>
						<line number="100" hits="1"/>
						<line number="101" hits="1"/>
						<line number="103" hits="1" branch="true" condition-coverage="100% (2/2)"/>
						<line number="104" hits="1"/>
						<line number="105" hits="1"/>
						<line number="106" hits="1" branch="true" condition-coverage="100% (2/2)"/>
						<line number="107" hits="1"/>
						<line number="108" hits="1"/>
						<line number="109" hits="1"/>
						<line number="110" hits="1"/>
						<line number="112" hits="1"/>
						<line number="114" hits="1"/>
					</lines>
				</class>
				<class name="extractor.py" filename="sms-processor/src/sms_processor/extractor.py" complexity="0" line-rate="0.88" branch-rate="0.7353">
					<methods/>
					<lines>
						<line number="3" hits="1"/>
						<line number="5" hits="1"/>
						<line number="6" hits="1"/>
						<line number="7" hits="1"/>
						<line number="8" hits="1"/>
						<line number="9" hits="1"/>
						<line number="11" hits="1"/>
						<line number="13" hits="1"/>
						<line number="21" hits="1"/>
						<line number="23" hits="1" branch="true" condition-coverage="50% (1/2)" missing-branches="24"/>
						<line number="24" hits="0"/>
						<line number="25" hits="1"/>
						<line number="26" hits="1"/>
						<line number="27" hits="1"/>
						<line number="28" hits="1"/>
						<line number="30" hits="1"/>
						<line number="31" hits="1"/>
						<line number="32" hits="0"/>
						<line number="33" hits="0"/>
						<line number="36" hits="1"/>
						<line number="38" hits="1"/>
						<line number="39" hits="1" branch="true" condition-coverage="50% (1/2)" missing-branches="40"/>
						<line number="40" hits="0"/>
						<line number="41" hits="1" branch="true" condition-coverage="50% (1/2)" missing-branches="45"/>
						<line number="42" hits="1"/>
						<line number="43" hits="1" branch="true" condition-coverage="50% (1/2)" missing-branches="41"/>
						<line number="44" hits="1"/>
						<line number="45" hits="0"/>
						<line number="48" hits="1"/>
						<line number="50" hits="1" branch="true" condition-coverage="100% (2/2)"/>
						<line number="51" hits="1"/>
						<line number="52" hits="1" branch="true" condition-coverage="100% (2/2)"/>
						<line number="53" hits="1"/>
						<line number="54" hits="1"/>
						<line number="55" hits="1" branch="true" condition-coverage="50% (1/2)" missing-branches="57"/>
						<line number="56" hits="1"/>
						<line number="57" hits="0"/>
						<line number="60" hits="1"/>
						<line number="62" hits="1"/>
						<line number="63" hits="1" branch="true" condition-coverage="100% (2/2)"/>
						<line number="64" hits="1"/>
						<line number="65" hits="1" branch="true" condition-coverage="50% (1/2)" missing-branches="66"/>
						<line number="66" hits="0"/>
						<line number="68" hits="1"/>
						<line number="69" hits="1" branch="true" condition-coverage="50% (1/2)" missing-branches="70"/>
						<line number="70" hits="0"/>
						<line number="72" hits="1"/>
						<line number="73" hits="1"/>
						<line number="74" hits="1"/>
						<line number="75" hits="1"/>
						<line number="77" hits="1"/>
						<line number="78" hits="1"/>
						<line number="79" hits="1"/>
						<line number="80" hits="1"/>
						<line number="82" hits="1" branch="true" condition-coverage="100% (2/2)"/>
						<line number="83" hits="1"/>
						<line number="84" hits="1" branch="true" condition-coverage="100% (2/2)"/>
						<line number="85" hits="1"/>
						<line number="86" hits="1" branch="true" condition-coverage="50% (1/2)" missing-branches="87"/>
						<line number="87" hits="0"/>
						<line number="88" hits="1" branch="true" condition-coverage="100% (2/2)"/>
						<line number="89" hits="1"/>
						<line number="91" hits="1"/>
						<line number="92" hits="1" branch="true" condition-coverage="100% (2/2)"/>
						<line number="93" hits="1"/>
						<line number="94" hits="1" branch="true" condition-coverage="100% (2/2)"/>
						<line number="95" hits="1"/>
						<line number="96" hits="1"/>
						<line number="97" hits="1"/>
						<line number="98" hits="1" branch="true" condition-coverage="50% (1/2)" missing-branches="92"/>
						<line number="99" hits="1"/>
						<line number="103" hits="1"/>
						<line number="104" hits="1"/>
						<line number="106" hits="1"/>
						<line number="122" hits="1"/>
					</lines>
				</class>
			</classes>
		</package>
		<package name="sms-processor.tests" line-rate="0" branch-rate="1" complexity="0">
			<classes>
				<class name="__init__.py" filename="sms-processor/tests/__init__.py" complexity="0" line-rate="1" branch-rate="1">
					<methods/>
					<lines/>
				</class>
				<class name="test_archiver.py" filename="sms-processor/tests/test_archiver.py" complexity="0" line-rate="0" branch-rate="1">
					<methods/>
					<lines>
						<line number="3" hits="0"/>
						<line number="5" hits="0"/>
						<line number="10" hits="0"/>
						<line number="43" hits="0"/>
						<line number="44" hits="0"/>
						<line number="45" hits="0"/>
						<line number="46" hits="0"/>
						<line number="47" hits="0"/>
						<line number="49" hits="0"/>
						<line number="50" hits="0"/>
						<line number="51" hits="0"/>
						<line number="52" hits="0"/>
						<line number="55" hits="0"/>
						<line number="56" hits="0"/>
						<line number="57" hits="0"/>
						<line number="58" hits="0"/>
						<line number="59" hits="0"/>
						<line number="60" hits="0"/>
						<line number="62" hits="0"/>
						<line number="63" hits="0"/>
						<line number="65" hits="0"/>
						<line number="66" hits="0"/>
						<line number="67" hits="0"/>
						<line number="68" hits="0"/>
						<line number="69" hits="0"/>
						<line number="70" hits="0"/>
						<line number="72" hits="0"/>
						<line number="73" hits="0"/>
						<line number="74" hits="0"/>
						<line number="75" hits="0"/>
						<line number="76" hits="0"/>
						<line number="78" hits="0"/>
						<line number="80" hits="0"/>
						<line number="81" hits="0"/>
						<line number="82" hits="0"/>
						<line number="84" hits="0"/>
						<line number="85" hits="0"/>
						<line number="86" hits="0"/>
						<line number="87" hits="0"/>
						<line number="88" hits="0"/>
						<line number="90" hits="0"/>
						<line number="92" hits="0"/>
						<line number="93" hits="0"/>
						<line number="94" hits="0"/>
						<line number="95" hits="0"/>
						<line number="97" hits="0"/>
						<line number="98" hits="0"/>
						<line number="99" hits="0"/>
						<line number="100" hits="0"/>
						<line number="101" hits="0"/>
						<line number="102" hits="0"/>
						<line number="104" hits="0"/>
						<line number="105" hits="0"/>
						<line number="107" hits="0"/>
						<line number="108" hits="0"/>
						<line number="109" hits="0"/>
						<line number="110" hits="0"/>
						<line number="111" hits="0"/>
						<line number="113" hits="0"/>
						<line number="114" hits="0"/>
					</lines>
				</class>
				<class name="test_core.py" filename="sms-processor/tests/test_core.py" complexity="0" line-rate="0" branch-rate="1">
					<methods/>
					<lines>
						<line number="3" hits="0"/>
						<line number="4" hits="0"/>
						<line number="6" hits="0"/>
						<line number="9" hits="0"/>
						<line number="10" hits="0"/>
						<line number="11" hits="0"/>
						<line number="12" hits="0"/>
						<line number="13" hits="0"/>
						<line number="15" hits="0"/>
						<line number="16" hits="0"/>
						<line number="17" hits="0"/>
						<line number="18" hits="0"/>
						<line number="19" hits="0"/>
						<line number="20" hits="0"/>
						<line number="23" hits="0"/>
						<line number="24" hits="0"/>
						<line number="26" hits="0"/>
						<line number="27" hits="0"/>
						<line number="28" hits="0"/>
						<line number="29" hits="0"/>
						<line number="30" hits="0"/>
						<line number="31" hits="0"/>
						<line number="33" hits="0"/>
						<line number="35" hits="0"/>
						<line number="36" hits="0"/>
						<line number="37" hits="0"/>
						<line number="38" hits="0"/>
						<line number="39" hits="0"/>
						<line number="40" hits="0"/>
						<line number="41" hits="0"/>
						<line number="42" hits="0"/>
						<line number="44" hits="0"/>
						<line number="46" hits="0"/>
						<line number="47" hits="0"/>
						<line number="48" hits="0"/>
						<line number="49" hits="0"/>
						<line number="50" hits="0"/>
						<line number="51" hits="0"/>
						<line number="52" hits="0"/>
						<line number="53" hits="0"/>
						<line number="55" hits="0"/>
						<line number="58" hits="0"/>
						<line number="59" hits="0"/>
						<line number="60" hits="0"/>
						<line number="61" hits="0"/>
						<line number="62" hits="0"/>
						<line number="63" hits="0"/>
						<line number="64" hits="0"/>
						<line number="65" hits="0"/>
						<line number="66" hits="0"/>
						<line number="67" hits="0"/>
						<line number="68" hits="0"/>
						<line number="69" hits="0"/>
						<line number="70" hits="0"/>
						<line number="72" hits="0"/>
						<line number="73" hits="0"/>
						<line number="74" hits="0"/>
						<line number="76" hits="0"/>
						<line number="77" hits="0"/>
						<line number="78" hits="0"/>
						<line number="79" hits="0"/>
						<line number="80" hits="0"/>
						<line number="81" hits="0"/>
						<line number="82" hits="0"/>
						<line number="83" hits="0"/>
						<line number="84" hits="0"/>
						<line number="85" hits="0"/>
						<line number="87" hits="0"/>
						<line number="88" hits="0"/>
						<line number="89" hits="0"/>
						<line number="90" hits="0"/>
						<line number="98" hits="0"/>
						<line number="99" hits="0"/>
						<line number="100" hits="0"/>
						<line number="102" hits="0"/>
						<line number="103" hits="0"/>
						<line number="104" hits="0"/>
						<line number="106" hits="0"/>
						<line number="107" hits="0"/>
						<line number="108" hits="0"/>
						<line number="109" hits="0"/>
						<line number="110" hits="0"/>
						<line number="111" hits="0"/>
						<line number="112" hits="0"/>
						<line number="113" hits="0"/>
						<line number="114" hits="0"/>
						<line number="115" hits="0"/>
						<line number="117" hits="0"/>
						<line number="118" hits="0"/>
						<line number="119" hits="0"/>
						<line number="120" hits="0"/>
						<line number="128" hits="0"/>
						<line number="130" hits="0"/>
						<line number="132" hits="0"/>
						<line number="134" hits="0"/>
						<line number="135" hits="0"/>
						<line number="136" hits="0"/>
					</lines>
				</class>
				<class name="test_extractor.py" filename="sms-processor/tests/test_extractor.py" complexity="0" line-rate="0" branch-rate="1">
					<methods/>
					<lines>
						<line number="3" hits="0"/>
						<line number="5" hits="0"/>
						<line number="12" hits="0"/>
						<line number="52" hits="0"/>
						<line number="53" hits="0"/>
						<line number="54" hits="0"/>
						<line number="55" hits="0"/>
						<line number="56" hits="0"/>
						<line number="57" hits="0"/>
						<line number="58" hits="0"/>
						<line number="59" hits="0"/>
						<line number="60" hits="0"/>
						<line number="62" hits="0"/>
						<line number="63" hits="0"/>
						<line number="64" hits="0"/>
						<line number="65" hits="0"/>
						<line number="67" hits="0"/>
						<line number="68" hits="0"/>
						<line number="70" hits="0"/>
						<line number="71" hits="0"/>
						<line number="74" hits="0"/>
						<line number="75" hits="0"/>
						<line number="76" hits="0"/>
						<line number="77" hits="0"/>
						<line number="78" hits="0"/>
						<line number="80" hits="0"/>
						<line number="81" hits="0"/>
						<line number="82" hits="0"/>
						<line number="83" hits="0"/>
						<line number="84" hits="0"/>
						<line number="85" hits="0"/>
						<line number="86" hits="0"/>
						<line number="88" hits="0"/>
						<line number="89" hits="0"/>
						<line number="90" hits="0"/>
						<line number="91" hits="0"/>
						<line number="92" hits="0"/>
						<line number="94" hits="0"/>
						<line number="95" hits="0"/>
						<line number="96" hits="0"/>
						<line number="97" hits="0"/>
						<line number="98" hits="0"/>
						<line number="100" hits="0"/>
						<line number="101" hits="0"/>
						<line number="102" hits="0"/>
						<line number="103" hits="0"/>
						<line number="104" hits="0"/>
						<line number="105" hits="0"/>
						<line number="106" hits="0"/>
						<line number="108" hits="0"/>
						<line number="109" hits="0"/>
						<line number="110" hits="0"/>
						<line number="111" hits="0"/>
						<line number="112" hits="0"/>
						<line number="115" hits="0"/>
						<line number="116" hits="0"/>
						<line number="117" hits="0"/>
						<line number="118" hits="0"/>
						<line number="120" hits="0"/>
						<line number="121" hits="0"/>
						<line number="122" hits="0"/>
						<line number="124" hits="0"/>
						<line number="125" hits="0"/>
						<line number="126" hits="0"/>
						<line number="129" hits="0"/>
						<line number="130" hits="0"/>
						<line number="131" hits="0"/>
						<line number="132" hits="0"/>
					</lines>
				</class>
			</classes>
		</package>
	</packages>
</coverage>
