<?xml version="1.0" ?>
<coverage version="7.16.0" timestamp="1788386635790" lines-valid="2" lines-covered="2" line-rate="1" branches-valid="0" branches-covered="0" branch-rate="1" complexity="0">
	<!-- Generated by coverage.py: https://coverage.readthedocs.io/en/7.16.0 -->
	<!-- Based on https://raw.githubusercontent.com/cobertura/web/master/htdocs/xml/coverage-04.dtd -->
	<sources>
		<source>/workspace/recoll-webui-docker/recoll_wrapper</source>
	</sources>
	<packages>
		<package name="src.recoll_wrapper" line-rate="1" branch-rate="1" complexity="0">
			<classes>
				<class name="__init__.py" filename="src/recoll_wrapper/__init__.py" complexity="0" line-rate="1" branch-rate="1">
					<methods/>
					<lines>
						<line number="3" hits="1"/>
						<line number="5" hits="1"/>
					</lines>
				</class>
			</classes>
		</package>
	</packages>
</coverage>
